#! /usr/share/iverilog-0.9.7/bin/vvp
:ivl_version "0.9.7 " "(v0_9_6)";
:vpi_time_precision - 9;
:vpi_module "system";
:vpi_module "v2005_math";
:vpi_module "va_math";
S_0x204c660 .scope module, "sys" "sys" 2 3;
 .timescale -9 -9;
v0x2076be0_0 .net "AN0", 0 0, v0x2054820_0; 1 drivers
v0x2076cb0_0 .net "AN1", 0 0, v0x2075860_0; 1 drivers
v0x2076d60_0 .net "AN2", 0 0, v0x2075900_0; 1 drivers
v0x2076e10_0 .net "AN3", 0 0, v0x20759a0_0; 1 drivers
v0x2076ef0_0 .net "HEX0", 7 0, v0x2076a90_0; 1 drivers
v0x2076f70_0 .net "HEX1", 7 0, v0x20767e0_0; 1 drivers
v0x2077040_0 .net "HEX2", 7 0, v0x2076530_0; 1 drivers
v0x2077110_0 .net "HEX3", 7 0, v0x2076280_0; 1 drivers
v0x2077230_0 .var "clk", 0 0;
v0x20772b0_0 .var/i "cycles", 31 0;
v0x2077330_0 .var "myChar0", 3 0;
v0x20773b0_0 .var "myChar1", 3 0;
v0x20774a0_0 .var "myChar2", 3 0;
v0x2077520_0 .var "myChar3", 3 0;
v0x2077620_0 .net "myHex", 7 0, v0x2075fa0_0; 1 drivers
v0x20776d0_0 .var/i "theChar", 31 0;
S_0x2076930 .scope module, "disp0" "LEDcoder" 2 28, 3 3, S_0x204c660;
 .timescale -9 -9;
v0x2076a90_0 .var "LED", 7 0;
v0x2076b60_0 .net "char", 3 0, v0x2077330_0; 1 drivers
E_0x2076a20 .event edge, v0x2076b60_0;
S_0x2076680 .scope module, "disp1" "LEDcoder" 2 29, 3 3, S_0x204c660;
 .timescale -9 -9;
v0x20767e0_0 .var "LED", 7 0;
v0x20768b0_0 .net "char", 3 0, v0x20773b0_0; 1 drivers
E_0x2076770 .event edge, v0x20768b0_0;
S_0x20763d0 .scope module, "disp2" "LEDcoder" 2 30, 3 3, S_0x204c660;
 .timescale -9 -9;
v0x2076530_0 .var "LED", 7 0;
v0x2076600_0 .net "char", 3 0, v0x20774a0_0; 1 drivers
E_0x20764c0 .event edge, v0x2076600_0;
S_0x2076150 .scope module, "disp3" "LEDcoder" 2 31, 3 3, S_0x204c660;
 .timescale -9 -9;
v0x2076280_0 .var "LED", 7 0;
v0x2076350_0 .net "char", 3 0, v0x2077520_0; 1 drivers
E_0x2075a20 .event edge, v0x2076350_0;
S_0x204c750 .scope module, "Uo" "anodoi" 2 32, 3 34, S_0x204c660;
 .timescale -9 -9;
P_0x2052b68 .param/l "w_closed" 3 45, C4<100>;
P_0x2052b90 .param/l "w_openAN0" 3 49, C4<000>;
P_0x2052bb8 .param/l "w_openAN1" 3 48, C4<001>;
P_0x2052be0 .param/l "w_openAN2" 3 47, C4<010>;
P_0x2052c08 .param/l "w_openAN3" 3 46, C4<011>;
v0x2054820_0 .var "AN0", 0 0;
v0x2075860_0 .var "AN1", 0 0;
v0x2075900_0 .var "AN2", 0 0;
v0x20759a0_0 .var "AN3", 0 0;
v0x2075a50_0 .alias "HEX0", 7 0, v0x2076ef0_0;
v0x2075af0_0 .alias "HEX1", 7 0, v0x2076f70_0;
v0x2075bd0_0 .alias "HEX2", 7 0, v0x2077040_0;
v0x2075c70_0 .alias "HEX3", 7 0, v0x2077110_0;
v0x2075d60_0 .net "clk", 0 0, v0x2077230_0; 1 drivers
v0x2075e00_0 .var "current_state", 2 0;
v0x2075f00_0 .var/i "cycles", 31 0;
v0x2075fa0_0 .var "myHex", 7 0;
v0x20760b0_0 .var "next_state", 2 0;
E_0x2043e20 .event edge, v0x2054820_0, v0x2075860_0, v0x2075900_0, v0x20759a0_0;
E_0x20436c0 .event posedge, v0x2075d60_0;
    .scope S_0x2076930;
T_0 ;
    %wait E_0x2076a20;
    %load/v 8, v0x2076b60_0, 4;
    %cmpi/u 8, 0, 4;
    %jmp/1 T_0.0, 6;
    %cmpi/u 8, 1, 4;
    %jmp/1 T_0.1, 6;
    %cmpi/u 8, 2, 4;
    %jmp/1 T_0.2, 6;
    %cmpi/u 8, 3, 4;
    %jmp/1 T_0.3, 6;
    %cmpi/u 8, 4, 4;
    %jmp/1 T_0.4, 6;
    %cmpi/u 8, 5, 4;
    %jmp/1 T_0.5, 6;
    %cmpi/u 8, 6, 4;
    %jmp/1 T_0.6, 6;
    %cmpi/u 8, 7, 4;
    %jmp/1 T_0.7, 6;
    %cmpi/u 8, 8, 4;
    %jmp/1 T_0.8, 6;
    %cmpi/u 8, 9, 4;
    %jmp/1 T_0.9, 6;
    %cmpi/u 8, 10, 4;
    %jmp/1 T_0.10, 6;
    %cmpi/u 8, 11, 4;
    %jmp/1 T_0.11, 6;
    %cmpi/u 8, 12, 4;
    %jmp/1 T_0.12, 6;
    %jmp T_0.13;
T_0.0 ;
    %movi 8, 3, 8;
    %ix/load 0, 8, 0;
    %assign/v0 v0x2076a90_0, 0, 8;
    %jmp T_0.13;
T_0.1 ;
    %movi 8, 159, 8;
    %ix/load 0, 8, 0;
    %assign/v0 v0x2076a90_0, 0, 8;
    %jmp T_0.13;
T_0.2 ;
    %movi 8, 37, 8;
    %ix/load 0, 8, 0;
    %assign/v0 v0x2076a90_0, 0, 8;
    %jmp T_0.13;
T_0.3 ;
    %movi 8, 13, 8;
    %ix/load 0, 8, 0;
    %assign/v0 v0x2076a90_0, 0, 8;
    %jmp T_0.13;
T_0.4 ;
    %movi 8, 153, 8;
    %ix/load 0, 8, 0;
    %assign/v0 v0x2076a90_0, 0, 8;
    %jmp T_0.13;
T_0.5 ;
    %movi 8, 73, 8;
    %ix/load 0, 8, 0;
    %assign/v0 v0x2076a90_0, 0, 8;
    %jmp T_0.13;
T_0.6 ;
    %movi 8, 65, 8;
    %ix/load 0, 8, 0;
    %assign/v0 v0x2076a90_0, 0, 8;
    %jmp T_0.13;
T_0.7 ;
    %movi 8, 31, 8;
    %ix/load 0, 8, 0;
    %assign/v0 v0x2076a90_0, 0, 8;
    %jmp T_0.13;
T_0.8 ;
    %movi 8, 1, 8;
    %ix/load 0, 8, 0;
    %assign/v0 v0x2076a90_0, 0, 8;
    %jmp T_0.13;
T_0.9 ;
    %movi 8, 9, 8;
    %ix/load 0, 8, 0;
    %assign/v0 v0x2076a90_0, 0, 8;
    %jmp T_0.13;
T_0.10 ;
    %movi 8, 253, 8;
    %ix/load 0, 8, 0;
    %assign/v0 v0x2076a90_0, 0, 8;
    %jmp T_0.13;
T_0.11 ;
    %movi 8, 113, 8;
    %ix/load 0, 8, 0;
    %assign/v0 v0x2076a90_0, 0, 8;
    %jmp T_0.13;
T_0.12 ;
    %ix/load 0, 8, 0;
    %assign/v0 v0x2076a90_0, 0, 1;
    %jmp T_0.13;
T_0.13 ;
    %jmp T_0;
    .thread T_0, $push;
    .scope S_0x2076680;
T_1 ;
    %wait E_0x2076770;
    %load/v 8, v0x20768b0_0, 4;
    %cmpi/u 8, 0, 4;
    %jmp/1 T_1.0, 6;
    %cmpi/u 8, 1, 4;
    %jmp/1 T_1.1, 6;
    %cmpi/u 8, 2, 4;
    %jmp/1 T_1.2, 6;
    %cmpi/u 8, 3, 4;
    %jmp/1 T_1.3, 6;
    %cmpi/u 8, 4, 4;
    %jmp/1 T_1.4, 6;
    %cmpi/u 8, 5, 4;
    %jmp/1 T_1.5, 6;
    %cmpi/u 8, 6, 4;
    %jmp/1 T_1.6, 6;
    %cmpi/u 8, 7, 4;
    %jmp/1 T_1.7, 6;
    %cmpi/u 8, 8, 4;
    %jmp/1 T_1.8, 6;
    %cmpi/u 8, 9, 4;
    %jmp/1 T_1.9, 6;
    %cmpi/u 8, 10, 4;
    %jmp/1 T_1.10, 6;
    %cmpi/u 8, 11, 4;
    %jmp/1 T_1.11, 6;
    %cmpi/u 8, 12, 4;
    %jmp/1 T_1.12, 6;
    %jmp T_1.13;
T_1.0 ;
    %movi 8, 3, 8;
    %ix/load 0, 8, 0;
    %assign/v0 v0x20767e0_0, 0, 8;
    %jmp T_1.13;
T_1.1 ;
    %movi 8, 159, 8;
    %ix/load 0, 8, 0;
    %assign/v0 v0x20767e0_0, 0, 8;
    %jmp T_1.13;
T_1.2 ;
    %movi 8, 37, 8;
    %ix/load 0, 8, 0;
    %assign/v0 v0x20767e0_0, 0, 8;
    %jmp T_1.13;
T_1.3 ;
    %movi 8, 13, 8;
    %ix/load 0, 8, 0;
    %assign/v0 v0x20767e0_0, 0, 8;
    %jmp T_1.13;
T_1.4 ;
    %movi 8, 153, 8;
    %ix/load 0, 8, 0;
    %assign/v0 v0x20767e0_0, 0, 8;
    %jmp T_1.13;
T_1.5 ;
    %movi 8, 73, 8;
    %ix/load 0, 8, 0;
    %assign/v0 v0x20767e0_0, 0, 8;
    %jmp T_1.13;
T_1.6 ;
    %movi 8, 65, 8;
    %ix/load 0, 8, 0;
    %assign/v0 v0x20767e0_0, 0, 8;
    %jmp T_1.13;
T_1.7 ;
    %movi 8, 31, 8;
    %ix/load 0, 8, 0;
    %assign/v0 v0x20767e0_0, 0, 8;
    %jmp T_1.13;
T_1.8 ;
    %movi 8, 1, 8;
    %ix/load 0, 8, 0;
    %assign/v0 v0x20767e0_0, 0, 8;
    %jmp T_1.13;
T_1.9 ;
    %movi 8, 9, 8;
    %ix/load 0, 8, 0;
    %assign/v0 v0x20767e0_0, 0, 8;
    %jmp T_1.13;
T_1.10 ;
    %movi 8, 253, 8;
    %ix/load 0, 8, 0;
    %assign/v0 v0x20767e0_0, 0, 8;
    %jmp T_1.13;
T_1.11 ;
    %movi 8, 113, 8;
    %ix/load 0, 8, 0;
    %assign/v0 v0x20767e0_0, 0, 8;
    %jmp T_1.13;
T_1.12 ;
    %ix/load 0, 8, 0;
    %assign/v0 v0x20767e0_0, 0, 1;
    %jmp T_1.13;
T_1.13 ;
    %jmp T_1;
    .thread T_1, $push;
    .scope S_0x20763d0;
T_2 ;
    %wait E_0x20764c0;
    %load/v 8, v0x2076600_0, 4;
    %cmpi/u 8, 0, 4;
    %jmp/1 T_2.0, 6;
    %cmpi/u 8, 1, 4;
    %jmp/1 T_2.1, 6;
    %cmpi/u 8, 2, 4;
    %jmp/1 T_2.2, 6;
    %cmpi/u 8, 3, 4;
    %jmp/1 T_2.3, 6;
    %cmpi/u 8, 4, 4;
    %jmp/1 T_2.4, 6;
    %cmpi/u 8, 5, 4;
    %jmp/1 T_2.5, 6;
    %cmpi/u 8, 6, 4;
    %jmp/1 T_2.6, 6;
    %cmpi/u 8, 7, 4;
    %jmp/1 T_2.7, 6;
    %cmpi/u 8, 8, 4;
    %jmp/1 T_2.8, 6;
    %cmpi/u 8, 9, 4;
    %jmp/1 T_2.9, 6;
    %cmpi/u 8, 10, 4;
    %jmp/1 T_2.10, 6;
    %cmpi/u 8, 11, 4;
    %jmp/1 T_2.11, 6;
    %cmpi/u 8, 12, 4;
    %jmp/1 T_2.12, 6;
    %jmp T_2.13;
T_2.0 ;
    %movi 8, 3, 8;
    %ix/load 0, 8, 0;
    %assign/v0 v0x2076530_0, 0, 8;
    %jmp T_2.13;
T_2.1 ;
    %movi 8, 159, 8;
    %ix/load 0, 8, 0;
    %assign/v0 v0x2076530_0, 0, 8;
    %jmp T_2.13;
T_2.2 ;
    %movi 8, 37, 8;
    %ix/load 0, 8, 0;
    %assign/v0 v0x2076530_0, 0, 8;
    %jmp T_2.13;
T_2.3 ;
    %movi 8, 13, 8;
    %ix/load 0, 8, 0;
    %assign/v0 v0x2076530_0, 0, 8;
    %jmp T_2.13;
T_2.4 ;
    %movi 8, 153, 8;
    %ix/load 0, 8, 0;
    %assign/v0 v0x2076530_0, 0, 8;
    %jmp T_2.13;
T_2.5 ;
    %movi 8, 73, 8;
    %ix/load 0, 8, 0;
    %assign/v0 v0x2076530_0, 0, 8;
    %jmp T_2.13;
T_2.6 ;
    %movi 8, 65, 8;
    %ix/load 0, 8, 0;
    %assign/v0 v0x2076530_0, 0, 8;
    %jmp T_2.13;
T_2.7 ;
    %movi 8, 31, 8;
    %ix/load 0, 8, 0;
    %assign/v0 v0x2076530_0, 0, 8;
    %jmp T_2.13;
T_2.8 ;
    %movi 8, 1, 8;
    %ix/load 0, 8, 0;
    %assign/v0 v0x2076530_0, 0, 8;
    %jmp T_2.13;
T_2.9 ;
    %movi 8, 9, 8;
    %ix/load 0, 8, 0;
    %assign/v0 v0x2076530_0, 0, 8;
    %jmp T_2.13;
T_2.10 ;
    %movi 8, 253, 8;
    %ix/load 0, 8, 0;
    %assign/v0 v0x2076530_0, 0, 8;
    %jmp T_2.13;
T_2.11 ;
    %movi 8, 113, 8;
    %ix/load 0, 8, 0;
    %assign/v0 v0x2076530_0, 0, 8;
    %jmp T_2.13;
T_2.12 ;
    %ix/load 0, 8, 0;
    %assign/v0 v0x2076530_0, 0, 1;
    %jmp T_2.13;
T_2.13 ;
    %jmp T_2;
    .thread T_2, $push;
    .scope S_0x2076150;
T_3 ;
    %wait E_0x2075a20;
    %load/v 8, v0x2076350_0, 4;
    %cmpi/u 8, 0, 4;
    %jmp/1 T_3.0, 6;
    %cmpi/u 8, 1, 4;
    %jmp/1 T_3.1, 6;
    %cmpi/u 8, 2, 4;
    %jmp/1 T_3.2, 6;
    %cmpi/u 8, 3, 4;
    %jmp/1 T_3.3, 6;
    %cmpi/u 8, 4, 4;
    %jmp/1 T_3.4, 6;
    %cmpi/u 8, 5, 4;
    %jmp/1 T_3.5, 6;
    %cmpi/u 8, 6, 4;
    %jmp/1 T_3.6, 6;
    %cmpi/u 8, 7, 4;
    %jmp/1 T_3.7, 6;
    %cmpi/u 8, 8, 4;
    %jmp/1 T_3.8, 6;
    %cmpi/u 8, 9, 4;
    %jmp/1 T_3.9, 6;
    %cmpi/u 8, 10, 4;
    %jmp/1 T_3.10, 6;
    %cmpi/u 8, 11, 4;
    %jmp/1 T_3.11, 6;
    %cmpi/u 8, 12, 4;
    %jmp/1 T_3.12, 6;
    %jmp T_3.13;
T_3.0 ;
    %movi 8, 3, 8;
    %ix/load 0, 8, 0;
    %assign/v0 v0x2076280_0, 0, 8;
    %jmp T_3.13;
T_3.1 ;
    %movi 8, 159, 8;
    %ix/load 0, 8, 0;
    %assign/v0 v0x2076280_0, 0, 8;
    %jmp T_3.13;
T_3.2 ;
    %movi 8, 37, 8;
    %ix/load 0, 8, 0;
    %assign/v0 v0x2076280_0, 0, 8;
    %jmp T_3.13;
T_3.3 ;
    %movi 8, 13, 8;
    %ix/load 0, 8, 0;
    %assign/v0 v0x2076280_0, 0, 8;
    %jmp T_3.13;
T_3.4 ;
    %movi 8, 153, 8;
    %ix/load 0, 8, 0;
    %assign/v0 v0x2076280_0, 0, 8;
    %jmp T_3.13;
T_3.5 ;
    %movi 8, 73, 8;
    %ix/load 0, 8, 0;
    %assign/v0 v0x2076280_0, 0, 8;
    %jmp T_3.13;
T_3.6 ;
    %movi 8, 65, 8;
    %ix/load 0, 8, 0;
    %assign/v0 v0x2076280_0, 0, 8;
    %jmp T_3.13;
T_3.7 ;
    %movi 8, 31, 8;
    %ix/load 0, 8, 0;
    %assign/v0 v0x2076280_0, 0, 8;
    %jmp T_3.13;
T_3.8 ;
    %movi 8, 1, 8;
    %ix/load 0, 8, 0;
    %assign/v0 v0x2076280_0, 0, 8;
    %jmp T_3.13;
T_3.9 ;
    %movi 8, 9, 8;
    %ix/load 0, 8, 0;
    %assign/v0 v0x2076280_0, 0, 8;
    %jmp T_3.13;
T_3.10 ;
    %movi 8, 253, 8;
    %ix/load 0, 8, 0;
    %assign/v0 v0x2076280_0, 0, 8;
    %jmp T_3.13;
T_3.11 ;
    %movi 8, 113, 8;
    %ix/load 0, 8, 0;
    %assign/v0 v0x2076280_0, 0, 8;
    %jmp T_3.13;
T_3.12 ;
    %ix/load 0, 8, 0;
    %assign/v0 v0x2076280_0, 0, 1;
    %jmp T_3.13;
T_3.13 ;
    %jmp T_3;
    .thread T_3, $push;
    .scope S_0x204c750;
T_4 ;
    %set/v v0x2054820_0, 1, 1;
    %set/v v0x2075860_0, 1, 1;
    %set/v v0x2075900_0, 1, 1;
    %set/v v0x20759a0_0, 1, 1;
    %set/v v0x2075fa0_0, 0, 8;
    %movi 8, 15, 32;
    %set/v v0x2075f00_0, 8, 32;
    %movi 8, 4, 3;
    %set/v v0x2075e00_0, 8, 3;
    %movi 8, 4, 3;
    %set/v v0x20760b0_0, 8, 3;
    %end;
    .thread T_4;
    .scope S_0x204c750;
T_5 ;
    %wait E_0x20436c0;
    %load/v 8, v0x20760b0_0, 3;
    %set/v v0x2075e00_0, 8, 3;
    %load/v 8, v0x2075f00_0, 32;
    %cmpi/u 8, 15, 32;
    %jmp/0xz  T_5.0, 4;
    %set/v v0x2075f00_0, 0, 32;
    %jmp T_5.1;
T_5.0 ;
    %load/v 8, v0x2075f00_0, 32;
    %mov 40, 39, 1;
    %addi 8, 1, 33;
    %set/v v0x2075f00_0, 8, 32;
T_5.1 ;
    %load/v 8, v0x2075f00_0, 32;
    %cmpi/u 8, 2, 32;
    %jmp/1 T_5.2, 6;
    %cmpi/u 8, 3, 32;
    %jmp/1 T_5.3, 6;
    %cmpi/u 8, 6, 32;
    %jmp/1 T_5.4, 6;
    %cmpi/u 8, 7, 32;
    %jmp/1 T_5.5, 6;
    %cmpi/u 8, 10, 32;
    %jmp/1 T_5.6, 6;
    %cmpi/u 8, 11, 32;
    %jmp/1 T_5.7, 6;
    %cmpi/u 8, 14, 32;
    %jmp/1 T_5.8, 6;
    %cmpi/u 8, 15, 32;
    %jmp/1 T_5.9, 6;
    %cmpi/u 8, 0, 32;
    %jmp/1 T_5.10, 6;
    %cmpi/u 8, 4, 32;
    %jmp/1 T_5.11, 6;
    %cmpi/u 8, 8, 32;
    %jmp/1 T_5.12, 6;
    %cmpi/u 8, 12, 32;
    %jmp/1 T_5.13, 6;
    %jmp T_5.14;
T_5.2 ;
    %set/v v0x20759a0_0, 0, 1;
    %jmp T_5.14;
T_5.3 ;
    %set/v v0x20759a0_0, 1, 1;
    %jmp T_5.14;
T_5.4 ;
    %set/v v0x2075900_0, 0, 1;
    %jmp T_5.14;
T_5.5 ;
    %set/v v0x2075900_0, 1, 1;
    %jmp T_5.14;
T_5.6 ;
    %set/v v0x2075860_0, 0, 1;
    %jmp T_5.14;
T_5.7 ;
    %set/v v0x2075860_0, 1, 1;
    %jmp T_5.14;
T_5.8 ;
    %set/v v0x2054820_0, 0, 1;
    %jmp T_5.14;
T_5.9 ;
    %set/v v0x2054820_0, 1, 1;
    %jmp T_5.14;
T_5.10 ;
    %load/v 8, v0x2075c70_0, 8;
    %set/v v0x2075fa0_0, 8, 8;
    %jmp T_5.14;
T_5.11 ;
    %load/v 8, v0x2075bd0_0, 8;
    %set/v v0x2075fa0_0, 8, 8;
    %jmp T_5.14;
T_5.12 ;
    %load/v 8, v0x2075af0_0, 8;
    %set/v v0x2075fa0_0, 8, 8;
    %jmp T_5.14;
T_5.13 ;
    %load/v 8, v0x2075a50_0, 8;
    %set/v v0x2075fa0_0, 8, 8;
    %jmp T_5.14;
T_5.14 ;
    %jmp T_5;
    .thread T_5;
    .scope S_0x204c750;
T_6 ;
    %wait E_0x2043e20;
    %load/v 8, v0x20759a0_0, 1;
    %mov 9, 0, 1;
    %cmpi/u 8, 0, 2;
    %jmp/0xz  T_6.0, 4;
    %movi 8, 3, 3;
    %set/v v0x20760b0_0, 8, 3;
    %jmp T_6.1;
T_6.0 ;
    %load/v 8, v0x2075900_0, 1;
    %mov 9, 0, 1;
    %cmpi/u 8, 0, 2;
    %jmp/0xz  T_6.2, 4;
    %movi 8, 2, 3;
    %set/v v0x20760b0_0, 8, 3;
    %jmp T_6.3;
T_6.2 ;
    %load/v 8, v0x2075860_0, 1;
    %mov 9, 0, 1;
    %cmpi/u 8, 0, 2;
    %jmp/0xz  T_6.4, 4;
    %movi 8, 1, 3;
    %set/v v0x20760b0_0, 8, 3;
    %jmp T_6.5;
T_6.4 ;
    %load/v 8, v0x2054820_0, 1;
    %mov 9, 0, 1;
    %cmpi/u 8, 0, 2;
    %jmp/0xz  T_6.6, 4;
    %set/v v0x20760b0_0, 0, 3;
    %jmp T_6.7;
T_6.6 ;
    %movi 8, 4, 3;
    %set/v v0x20760b0_0, 8, 3;
T_6.7 ;
T_6.5 ;
T_6.3 ;
T_6.1 ;
    %jmp T_6;
    .thread T_6, $push;
    .scope S_0x204c660;
T_7 ;
    %set/v v0x20776d0_0, 0, 32;
    %movi 8, 10, 4;
    %set/v v0x2077520_0, 8, 4;
    %movi 8, 1, 4;
    %set/v v0x20774a0_0, 8, 4;
    %movi 8, 9, 4;
    %set/v v0x20773b0_0, 8, 4;
    %movi 8, 4, 4;
    %set/v v0x2077330_0, 8, 4;
    %end;
    .thread T_7;
    .scope S_0x204c660;
T_8 ;
T_8.0 ;
    %ix/load 0, 1, 0;
    %assign/v0 v0x2077230_0, 0, 1;
    %delay 10, 0;
    %ix/load 0, 1, 0;
    %assign/v0 v0x2077230_0, 0, 0;
    %delay 10, 0;
    %ix/load 0, 1, 0;
    %assign/v0 v0x2077230_0, 0, 1;
    %jmp T_8.0;
    %end;
    .thread T_8;
    .scope S_0x204c660;
T_9 ;
    %delay 1280, 0;
    %vpi_call 2 60 "$finish";
    %end;
    .thread T_9;
    .scope S_0x204c660;
T_10 ;
    %vpi_call 2 65 "$dumpfile", "dump.vcd";
    %vpi_call 2 65 "$dumpvars";
    %end;
    .thread T_10;
    .scope S_0x204c660;
T_11 ;
    %movi 8, 15, 32;
    %set/v v0x20772b0_0, 8, 32;
    %end;
    .thread T_11;
    .scope S_0x204c660;
T_12 ;
    %wait E_0x20436c0;
    %load/v 8, v0x20772b0_0, 32;
    %cmpi/u 8, 15, 32;
    %jmp/0xz  T_12.0, 4;
    %set/v v0x20772b0_0, 0, 32;
    %jmp T_12.1;
T_12.0 ;
    %load/v 8, v0x20772b0_0, 32;
    %mov 40, 39, 1;
    %addi 8, 1, 33;
    %set/v v0x20772b0_0, 8, 32;
T_12.1 ;
    %load/v 8, v0x20772b0_0, 32;
    %cmpi/u 8, 15, 32;
    %jmp/0xz  T_12.2, 4;
    %load/v 8, v0x20776d0_0, 32;
    %mov 40, 39, 1;
    %addi 8, 1, 33;
    %set/v v0x20776d0_0, 8, 32;
    %load/v 8, v0x20776d0_0, 32;
    %cmpi/u 8, 1, 32;
    %jmp/1 T_12.4, 6;
    %cmpi/u 8, 2, 32;
    %jmp/1 T_12.5, 6;
    %cmpi/u 8, 3, 32;
    %jmp/1 T_12.6, 6;
    %jmp T_12.7;
T_12.4 ;
    %movi 8, 12, 4;
    %set/v v0x2077520_0, 8, 4;
    %movi 8, 12, 4;
    %set/v v0x20774a0_0, 8, 4;
    %movi 8, 1, 4;
    %set/v v0x20773b0_0, 8, 4;
    %set/v v0x2077330_0, 0, 4;
    %jmp T_12.7;
T_12.5 ;
    %movi 8, 12, 4;
    %set/v v0x2077520_0, 8, 4;
    %movi 8, 10, 4;
    %set/v v0x20774a0_0, 8, 4;
    %movi 8, 3, 4;
    %set/v v0x20773b0_0, 8, 4;
    %movi 8, 2, 4;
    %set/v v0x2077330_0, 8, 4;
    %jmp T_12.7;
T_12.6 ;
    %movi 8, 11, 4;
    %set/v v0x2077520_0, 8, 4;
    %movi 8, 11, 4;
    %set/v v0x20774a0_0, 8, 4;
    %movi 8, 11, 4;
    %set/v v0x20773b0_0, 8, 4;
    %movi 8, 11, 4;
    %set/v v0x2077330_0, 8, 4;
    %jmp T_12.7;
T_12.7 ;
T_12.2 ;
    %jmp T_12;
    .thread T_12;
# The file index is used to find the file name in the following table.
:file_names 4;
    "N/A";
    "<interactive>";
    "testbench.sv";
    "design.sv";
