#! /usr/share/iverilog-0.9.7/bin/vvp
:ivl_version "0.9.7 " "(v0_9_6)";
:vpi_time_precision - 9;
:vpi_module "system";
:vpi_module "v2005_math";
:vpi_module "va_math";
S_0x136bd80 .scope module, "HW2" "HW2" 2 3;
 .timescale -9 -9;
v0x13b6980_0 .net "Rx_DATA", 7 0, v0x13b4df0_0; 1 drivers
v0x13b6a50_0 .var "Rx_EN", 0 0;
v0x13b6b00_0 .net "Rx_FERROR", 0 0, v0x13b4f30_0; 1 drivers
v0x13b6bb0_0 .net "Rx_PERROR", 0 0, v0x13b4fb0_0; 1 drivers
v0x13b6c90_0 .net "Rx_VALID", 0 0, v0x13b5130_0; 1 drivers
v0x13b6d40_0 .net "TxD", 0 0, v0x13b6140_0; 1 drivers
v0x13b6dc0_0 .net "Tx_BUSY", 0 0, v0x13b61e0_0; 1 drivers
v0x13b6e40_0 .var "Tx_Data", 7 0;
v0x13b6f10_0 .var "Tx_EN", 0 0;
v0x13b6fc0_0 .var "Tx_WR", 0 0;
v0x13b7070_0 .var "baud_select", 2 0;
v0x13b70f0_0 .var "clk", 0 0;
v0x13b7270_0 .var "dataToSend", 15 0;
v0x13b72f0_0 .var/i "data_counter", 31 0;
v0x13b73f0_0 .var "reset", 0 0;
v0x13b7500_0 .var "wrong_baud_select", 2 0;
E_0x136e5f0 .event negedge, v0x13b4e90_0;
E_0x13592c0 .event posedge, v0x13b4fb0_0, v0x13b4f30_0, v0x13b5130_0;
S_0x13b5950 .scope module, "Ut" "uart_transimitter" 2 45, 3 61, S_0x136bd80;
 .timescale -9 -9;
P_0x13b53e8 .param/l "tx_off" 3 79, C4<0>;
P_0x13b5410 .param/l "tx_on" 3 78, C4<1>;
v0x13b6140_0 .var "TxD", 0 0;
v0x13b61e0_0 .var "Tx_BUSY", 0 0;
v0x13b6260_0 .net "Tx_Data", 7 0, v0x13b6e40_0; 1 drivers
v0x13b6300_0 .net "Tx_EN", 0 0, v0x13b6f10_0; 1 drivers
v0x13b6380_0 .net "Tx_WR", 0 0, v0x13b6fc0_0; 1 drivers
v0x13b6420_0 .net "Tx_sample_ENABLE", 0 0, v0x13b6060_0; 1 drivers
v0x13b64e0_0 .net "baud_select", 2 0, v0x13b7500_0; 1 drivers
v0x13b6590_0 .net "clk", 0 0, v0x13b70f0_0; 1 drivers
v0x13b6660_0 .var "current_state", 0 0;
v0x13b66e0_0 .var "next_state", 0 0;
v0x13b67c0_0 .var "parity_bit", 0 0;
v0x13b6860_0 .net "reset", 0 0, v0x13b73f0_0; 1 drivers
v0x13b68e0_0 .var "tx_counter", 3 0;
E_0x13b5ae0 .event edge, v0x13b6300_0;
E_0x13b5b30 .event posedge, v0x13b6060_0;
E_0x13b5b80 .event posedge, v0x13b6380_0;
S_0x13b5bd0 .scope module, "baud_controller_tx_instance" "baud_controller" 3 83, 3 4, S_0x13b5950;
 .timescale -9 -9;
v0x13b5d30_0 .var "baudCounter", 15 0;
v0x13b5df0_0 .alias "baud_select", 2 0, v0x13b64e0_0;
v0x13b5e90_0 .alias "clk", 0 0, v0x13b6590_0;
v0x13b5f10_0 .var "divisor", 15 0;
v0x13b5f90_0 .alias "reset", 0 0, v0x13b6860_0;
v0x13b6060_0 .var "sample_ENABLE", 0 0;
E_0x13b5cc0 .event edge, v0x13b5df0_0;
S_0x136c380 .scope module, "Ur" "uart_receiver" 2 47, 3 180, S_0x136bd80;
 .timescale -9 -9;
P_0x136e7a8 .param/l "rx_off" 3 206, C4<0>;
P_0x136e7d0 .param/l "rx_on" 3 205, C4<1>;
v0x13b4d30_0 .alias "RxD", 0 0, v0x13b6d40_0;
v0x13b4df0_0 .var "Rx_DATA", 7 0;
v0x13b4e90_0 .net "Rx_EN", 0 0, v0x13b6a50_0; 1 drivers
v0x13b4f30_0 .var "Rx_FERROR", 0 0;
v0x13b4fb0_0 .var "Rx_PERROR", 0 0;
v0x13b5050_0 .var "Rx_POS_DATA", 7 0;
v0x13b5130_0 .var "Rx_VALID", 0 0;
v0x13b51d0_0 .var "Rx_counter", 3 0;
v0x13b52c0_0 .var "Rx_parity_bit", 0 0;
v0x13b5360_0 .net "Rx_sample_ENABLE", 0 0, v0x13b4c50_0; 1 drivers
v0x13b5440_0 .var "Tx_parity_bit", 0 0;
v0x13b54c0_0 .net "baud_select", 2 0, v0x13b7070_0; 1 drivers
v0x13b55e0_0 .alias "clk", 0 0, v0x13b6590_0;
v0x13b5690_0 .var "current_state", 0 0;
v0x13b5790_0 .var "next_state", 0 0;
v0x13b5810_0 .alias "reset", 0 0, v0x13b6860_0;
v0x13b5710_0 .var "state", 0 0;
E_0x137b520 .event edge, v0x13b4e90_0;
E_0x136be70 .event negedge, v0x13b4c50_0;
E_0x136c470 .event posedge, v0x13b4e90_0;
E_0x1380000 .event negedge, v0x13b4d30_0;
S_0x138eac0 .scope module, "baud_controller_rx_instance" "baud_controller" 3 209, 3 4, S_0x136c380;
 .timescale -9 -9;
v0x138ec10_0 .var "baudCounter", 15 0;
v0x13b49c0_0 .alias "baud_select", 2 0, v0x13b54c0_0;
v0x13b4a60_0 .alias "clk", 0 0, v0x13b6590_0;
v0x13b4b00_0 .var "divisor", 15 0;
v0x13b4bb0_0 .alias "reset", 0 0, v0x13b6860_0;
v0x13b4c50_0 .var "sample_ENABLE", 0 0;
E_0x138ebb0 .event posedge, v0x13b4a60_0;
E_0x138ebe0 .event edge, v0x13b49c0_0;
    .scope S_0x13b5bd0;
T_0 ;
    %ix/load 0, 16, 0;
    %assign/v0 v0x13b5d30_0, 0, 0;
    %ix/load 0, 1, 0;
    %assign/v0 v0x13b6060_0, 0, 0;
    %end;
    .thread T_0;
    .scope S_0x13b5bd0;
T_1 ;
    %wait E_0x13b5cc0;
    %load/v 8, v0x13b5df0_0, 3;
    %cmpi/u 8, 0, 3;
    %jmp/1 T_1.0, 6;
    %cmpi/u 8, 1, 3;
    %jmp/1 T_1.1, 6;
    %cmpi/u 8, 2, 3;
    %jmp/1 T_1.2, 6;
    %cmpi/u 8, 3, 3;
    %jmp/1 T_1.3, 6;
    %cmpi/u 8, 4, 3;
    %jmp/1 T_1.4, 6;
    %cmpi/u 8, 5, 3;
    %jmp/1 T_1.5, 6;
    %cmpi/u 8, 6, 3;
    %jmp/1 T_1.6, 6;
    %cmpi/u 8, 7, 3;
    %jmp/1 T_1.7, 6;
    %jmp T_1.8;
T_1.0 ;
    %movi 8, 10417, 16;
    %set/v v0x13b5f10_0, 8, 16;
    %jmp T_1.8;
T_1.1 ;
    %movi 8, 2604, 16;
    %set/v v0x13b5f10_0, 8, 16;
    %jmp T_1.8;
T_1.2 ;
    %movi 8, 651, 16;
    %set/v v0x13b5f10_0, 8, 16;
    %jmp T_1.8;
T_1.3 ;
    %movi 8, 326, 16;
    %set/v v0x13b5f10_0, 8, 16;
    %jmp T_1.8;
T_1.4 ;
    %movi 8, 163, 16;
    %set/v v0x13b5f10_0, 8, 16;
    %jmp T_1.8;
T_1.5 ;
    %movi 8, 81, 16;
    %set/v v0x13b5f10_0, 8, 16;
    %jmp T_1.8;
T_1.6 ;
    %movi 8, 54, 16;
    %set/v v0x13b5f10_0, 8, 16;
    %jmp T_1.8;
T_1.7 ;
    %movi 8, 27, 16;
    %set/v v0x13b5f10_0, 8, 16;
    %jmp T_1.8;
T_1.8 ;
    %jmp T_1;
    .thread T_1, $push;
    .scope S_0x13b5bd0;
T_2 ;
    %wait E_0x138ebb0;
    %load/v 8, v0x13b5f90_0, 1;
    %jmp/0xz  T_2.0, 8;
    %ix/load 0, 16, 0;
    %assign/v0 v0x13b5d30_0, 0, 0;
    %ix/load 0, 1, 0;
    %assign/v0 v0x13b6060_0, 0, 0;
    %jmp T_2.1;
T_2.0 ;
    %load/v 8, v0x13b5d30_0, 16;
    %mov 24, 0, 16;
    %addi 8, 1, 32;
    %ix/load 0, 16, 0;
    %assign/v0 v0x13b5d30_0, 0, 8;
    %load/v 8, v0x13b5d30_0, 16;
    %mov 24, 0, 16;
    %load/v 40, v0x13b5f10_0, 16;
    %mov 56, 0, 16;
    %subi 40, 1, 32;
    %cmp/u 8, 40, 32;
    %jmp/0xz  T_2.2, 4;
    %load/v 8, v0x13b6060_0, 1;
    %inv 8, 1;
    %ix/load 0, 1, 0;
    %assign/v0 v0x13b6060_0, 0, 8;
    %ix/load 0, 16, 0;
    %assign/v0 v0x13b5d30_0, 0, 0;
T_2.2 ;
T_2.1 ;
    %jmp T_2;
    .thread T_2;
    .scope S_0x13b5950;
T_3 ;
    %ix/load 0, 1, 0;
    %assign/v0 v0x13b61e0_0, 0, 0;
    %ix/load 0, 4, 0;
    %assign/v0 v0x13b68e0_0, 0, 0;
    %ix/load 0, 1, 0;
    %assign/v0 v0x13b6140_0, 0, 1;
    %ix/load 0, 1, 0;
    %assign/v0 v0x13b6660_0, 0, 0;
    %ix/load 0, 1, 0;
    %assign/v0 v0x13b66e0_0, 0, 0;
    %ix/load 0, 1, 0;
    %assign/v0 v0x13b67c0_0, 0, 0;
    %end;
    .thread T_3;
    .scope S_0x13b5950;
T_4 ;
    %wait E_0x13b5b80;
    %ix/load 0, 1, 0;
    %assign/v0 v0x13b61e0_0, 0, 0;
    %ix/load 0, 4, 0;
    %assign/v0 v0x13b68e0_0, 0, 0;
    %ix/load 0, 1, 0;
    %assign/v0 v0x13b6140_0, 0, 1;
    %ix/load 0, 1, 0;
    %assign/v0 v0x13b6660_0, 0, 0;
    %ix/load 0, 1, 0;
    %assign/v0 v0x13b66e0_0, 0, 0;
    %ix/load 0, 1, 0;
    %assign/v0 v0x13b67c0_0, 0, 0;
    %jmp T_4;
    .thread T_4;
    .scope S_0x13b5950;
T_5 ;
    %wait E_0x13b5b30;
    %load/v 8, v0x13b6860_0, 1;
    %jmp/0xz  T_5.0, 8;
    %ix/load 0, 1, 0;
    %assign/v0 v0x13b61e0_0, 0, 0;
    %ix/load 0, 4, 0;
    %assign/v0 v0x13b68e0_0, 0, 0;
    %ix/load 0, 1, 0;
    %assign/v0 v0x13b6140_0, 0, 1;
    %ix/load 0, 1, 0;
    %assign/v0 v0x13b6660_0, 0, 0;
    %ix/load 0, 1, 0;
    %assign/v0 v0x13b66e0_0, 0, 0;
    %ix/load 0, 1, 0;
    %assign/v0 v0x13b67c0_0, 0, 0;
    %jmp T_5.1;
T_5.0 ;
    %load/v 8, v0x13b66e0_0, 1;
    %ix/load 0, 1, 0;
    %assign/v0 v0x13b6660_0, 0, 8;
    %load/v 8, v0x13b6300_0, 1;
    %jmp/0xz  T_5.2, 8;
    %ix/load 0, 1, 0;
    %assign/v0 v0x13b61e0_0, 0, 1;
    %load/v 8, v0x13b68e0_0, 4;
    %mov 12, 0, 1;
    %cmpi/u 8, 0, 5;
    %jmp/0xz  T_5.4, 4;
    %ix/load 0, 1, 0;
    %assign/v0 v0x13b6140_0, 0, 0;
    %jmp T_5.5;
T_5.4 ;
    %load/v 8, v0x13b68e0_0, 4;
    %mov 12, 0, 2;
    %cmpi/u 8, 10, 6;
    %jmp/0xz  T_5.6, 4;
    %ix/load 0, 1, 0;
    %assign/v0 v0x13b6140_0, 0, 1;
    %jmp T_5.7;
T_5.6 ;
    %load/v 8, v0x13b68e0_0, 4;
    %mov 12, 0, 2;
    %cmpi/u 8, 9, 6;
    %jmp/0xz  T_5.8, 4;
    %load/v 8, v0x13b67c0_0, 1;
    %ix/load 0, 1, 0;
    %assign/v0 v0x13b6140_0, 0, 8;
    %jmp T_5.9;
T_5.8 ;
    %load/v 8, v0x13b68e0_0, 4;
    %movi 12, 0, 28;
    %subi 8, 1, 32;
    %ix/get 1, 8, 32;
    %jmp/1 T_5.10, 4;
    %load/x1p 8, v0x13b6260_0, 1;
    %jmp T_5.11;
T_5.10 ;
    %mov 8, 2, 1;
T_5.11 ;
; Save base=8 wid=1 in lookaside.
    %ix/load 0, 1, 0;
    %assign/v0 v0x13b6140_0, 0, 8;
    %load/v 8, v0x13b68e0_0, 4;
    %movi 12, 0, 28;
    %subi 8, 1, 32;
    %ix/get 1, 8, 32;
    %jmp/1 T_5.12, 4;
    %load/x1p 8, v0x13b6260_0, 1;
    %jmp T_5.13;
T_5.12 ;
    %mov 8, 2, 1;
T_5.13 ;
; Save base=8 wid=1 in lookaside.
    %jmp/0xz  T_5.14, 8;
    %load/v 8, v0x13b67c0_0, 1;
    %jmp/0xz  T_5.16, 8;
    %ix/load 0, 1, 0;
    %assign/v0 v0x13b67c0_0, 0, 0;
    %jmp T_5.17;
T_5.16 ;
    %ix/load 0, 1, 0;
    %assign/v0 v0x13b67c0_0, 0, 1;
T_5.17 ;
T_5.14 ;
T_5.9 ;
T_5.7 ;
T_5.5 ;
    %load/v 8, v0x13b68e0_0, 4;
    %mov 12, 0, 28;
    %addi 8, 1, 32;
    %ix/load 0, 4, 0;
    %assign/v0 v0x13b68e0_0, 0, 8;
    %load/v 8, v0x13b68e0_0, 4;
    %mov 12, 0, 2;
    %cmpi/u 8, 11, 6;
    %jmp/0xz  T_5.18, 4;
    %ix/load 0, 1, 0;
    %assign/v0 v0x13b61e0_0, 0, 0;
    %ix/load 0, 1, 0;
    %assign/v0 v0x13b6140_0, 0, 1;
T_5.18 ;
T_5.2 ;
T_5.1 ;
    %jmp T_5;
    .thread T_5;
    .scope S_0x13b5950;
T_6 ;
    %wait E_0x13b5ae0;
    %load/v 8, v0x13b6300_0, 1;
    %mov 9, 0, 2;
    %cmpi/u 8, 1, 3;
    %jmp/0xz  T_6.0, 4;
    %ix/load 0, 1, 0;
    %assign/v0 v0x13b66e0_0, 0, 1;
    %jmp T_6.1;
T_6.0 ;
    %ix/load 0, 1, 0;
    %assign/v0 v0x13b66e0_0, 0, 0;
T_6.1 ;
    %jmp T_6;
    .thread T_6, $push;
    .scope S_0x138eac0;
T_7 ;
    %ix/load 0, 16, 0;
    %assign/v0 v0x138ec10_0, 0, 0;
    %ix/load 0, 1, 0;
    %assign/v0 v0x13b4c50_0, 0, 0;
    %end;
    .thread T_7;
    .scope S_0x138eac0;
T_8 ;
    %wait E_0x138ebe0;
    %load/v 8, v0x13b49c0_0, 3;
    %cmpi/u 8, 0, 3;
    %jmp/1 T_8.0, 6;
    %cmpi/u 8, 1, 3;
    %jmp/1 T_8.1, 6;
    %cmpi/u 8, 2, 3;
    %jmp/1 T_8.2, 6;
    %cmpi/u 8, 3, 3;
    %jmp/1 T_8.3, 6;
    %cmpi/u 8, 4, 3;
    %jmp/1 T_8.4, 6;
    %cmpi/u 8, 5, 3;
    %jmp/1 T_8.5, 6;
    %cmpi/u 8, 6, 3;
    %jmp/1 T_8.6, 6;
    %cmpi/u 8, 7, 3;
    %jmp/1 T_8.7, 6;
    %jmp T_8.8;
T_8.0 ;
    %movi 8, 10417, 16;
    %set/v v0x13b4b00_0, 8, 16;
    %jmp T_8.8;
T_8.1 ;
    %movi 8, 2604, 16;
    %set/v v0x13b4b00_0, 8, 16;
    %jmp T_8.8;
T_8.2 ;
    %movi 8, 651, 16;
    %set/v v0x13b4b00_0, 8, 16;
    %jmp T_8.8;
T_8.3 ;
    %movi 8, 326, 16;
    %set/v v0x13b4b00_0, 8, 16;
    %jmp T_8.8;
T_8.4 ;
    %movi 8, 163, 16;
    %set/v v0x13b4b00_0, 8, 16;
    %jmp T_8.8;
T_8.5 ;
    %movi 8, 81, 16;
    %set/v v0x13b4b00_0, 8, 16;
    %jmp T_8.8;
T_8.6 ;
    %movi 8, 54, 16;
    %set/v v0x13b4b00_0, 8, 16;
    %jmp T_8.8;
T_8.7 ;
    %movi 8, 27, 16;
    %set/v v0x13b4b00_0, 8, 16;
    %jmp T_8.8;
T_8.8 ;
    %jmp T_8;
    .thread T_8, $push;
    .scope S_0x138eac0;
T_9 ;
    %wait E_0x138ebb0;
    %load/v 8, v0x13b4bb0_0, 1;
    %jmp/0xz  T_9.0, 8;
    %ix/load 0, 16, 0;
    %assign/v0 v0x138ec10_0, 0, 0;
    %ix/load 0, 1, 0;
    %assign/v0 v0x13b4c50_0, 0, 0;
    %jmp T_9.1;
T_9.0 ;
    %load/v 8, v0x138ec10_0, 16;
    %mov 24, 0, 16;
    %addi 8, 1, 32;
    %ix/load 0, 16, 0;
    %assign/v0 v0x138ec10_0, 0, 8;
    %load/v 8, v0x138ec10_0, 16;
    %mov 24, 0, 16;
    %load/v 40, v0x13b4b00_0, 16;
    %mov 56, 0, 16;
    %subi 40, 1, 32;
    %cmp/u 8, 40, 32;
    %jmp/0xz  T_9.2, 4;
    %load/v 8, v0x13b4c50_0, 1;
    %inv 8, 1;
    %ix/load 0, 1, 0;
    %assign/v0 v0x13b4c50_0, 0, 8;
    %ix/load 0, 16, 0;
    %assign/v0 v0x138ec10_0, 0, 0;
T_9.2 ;
T_9.1 ;
    %jmp T_9;
    .thread T_9;
    .scope S_0x136c380;
T_10 ;
    %ix/load 0, 4, 0;
    %assign/v0 v0x13b51d0_0, 0, 0;
    %ix/load 0, 1, 0;
    %assign/v0 v0x13b4f30_0, 0, 0;
    %ix/load 0, 1, 0;
    %assign/v0 v0x13b4fb0_0, 0, 0;
    %ix/load 0, 1, 0;
    %assign/v0 v0x13b5130_0, 0, 0;
    %ix/load 0, 1, 0;
    %assign/v0 v0x13b5710_0, 0, 0;
    %ix/load 0, 8, 0;
    %assign/v0 v0x13b4df0_0, 0, 0;
    %ix/load 0, 1, 0;
    %assign/v0 v0x13b5690_0, 0, 0;
    %ix/load 0, 1, 0;
    %assign/v0 v0x13b5790_0, 0, 0;
    %ix/load 0, 1, 0;
    %assign/v0 v0x13b5440_0, 0, 0;
    %ix/load 0, 1, 0;
    %assign/v0 v0x13b52c0_0, 0, 0;
    %end;
    .thread T_10;
    .scope S_0x136c380;
T_11 ;
    %wait E_0x1380000;
    %load/v 8, v0x13b5360_0, 1;
    %mov 9, 0, 1;
    %cmpi/u 8, 0, 2;
    %jmp/0xz  T_11.0, 4;
    %set/v v0x13b4f30_0, 1, 1;
T_11.0 ;
    %jmp T_11;
    .thread T_11;
    .scope S_0x136c380;
T_12 ;
    %wait E_0x136c470;
    %ix/load 0, 4, 0;
    %assign/v0 v0x13b51d0_0, 0, 0;
    %ix/load 0, 1, 0;
    %assign/v0 v0x13b5710_0, 0, 0;
    %ix/load 0, 1, 0;
    %assign/v0 v0x13b4f30_0, 0, 0;
    %ix/load 0, 1, 0;
    %assign/v0 v0x13b4fb0_0, 0, 0;
    %ix/load 0, 1, 0;
    %assign/v0 v0x13b5130_0, 0, 0;
    %ix/load 0, 1, 0;
    %assign/v0 v0x13b5440_0, 0, 0;
    %ix/load 0, 1, 0;
    %assign/v0 v0x13b52c0_0, 0, 0;
    %jmp T_12;
    .thread T_12;
    .scope S_0x136c380;
T_13 ;
    %wait E_0x136be70;
    %load/v 8, v0x13b5810_0, 1;
    %jmp/0xz  T_13.0, 8;
    %ix/load 0, 4, 0;
    %assign/v0 v0x13b51d0_0, 0, 0;
    %ix/load 0, 1, 0;
    %assign/v0 v0x13b4f30_0, 0, 0;
    %ix/load 0, 1, 0;
    %assign/v0 v0x13b4fb0_0, 0, 0;
    %ix/load 0, 1, 0;
    %assign/v0 v0x13b5130_0, 0, 0;
    %ix/load 0, 1, 0;
    %assign/v0 v0x13b5710_0, 0, 0;
    %ix/load 0, 8, 0;
    %assign/v0 v0x13b4df0_0, 0, 0;
    %ix/load 0, 1, 0;
    %assign/v0 v0x13b5690_0, 0, 0;
    %ix/load 0, 1, 0;
    %assign/v0 v0x13b5790_0, 0, 0;
    %ix/load 0, 1, 0;
    %assign/v0 v0x13b5440_0, 0, 0;
    %ix/load 0, 1, 0;
    %assign/v0 v0x13b52c0_0, 0, 0;
    %jmp T_13.1;
T_13.0 ;
    %load/v 8, v0x13b5790_0, 1;
    %ix/load 0, 1, 0;
    %assign/v0 v0x13b5690_0, 0, 8;
    %load/v 8, v0x13b4e90_0, 1;
    %jmp/0xz  T_13.2, 8;
    %load/v 8, v0x13b4d30_0, 1;
    %inv 8, 1;
    %load/v 9, v0x13b5710_0, 1;
    %inv 9, 1;
    %and 8, 9, 1;
    %jmp/0xz  T_13.4, 8;
    %ix/load 0, 1, 0;
    %assign/v0 v0x13b5710_0, 0, 1;
    %load/v 8, v0x13b51d0_0, 4;
    %mov 12, 0, 28;
    %addi 8, 1, 32;
    %ix/load 0, 4, 0;
    %assign/v0 v0x13b51d0_0, 0, 8;
    %ix/load 0, 1, 0;
    %assign/v0 v0x13b5130_0, 0, 0;
    %ix/load 0, 1, 0;
    %assign/v0 v0x13b52c0_0, 0, 0;
    %jmp T_13.5;
T_13.4 ;
    %load/v 8, v0x13b5710_0, 1;
    %jmp/0xz  T_13.6, 8;
    %load/v 8, v0x13b51d0_0, 4;
    %mov 12, 0, 2;
   %cmpi/u 8, 9, 6;
    %jmp/0xz  T_13.8, 5;
    %load/v 8, v0x13b4d30_0, 1;
    %load/v 9, v0x13b51d0_0, 4;
    %movi 13, 0, 28;
    %subi 9, 1, 32;
    %ix/get 1, 9, 32;
    %jmp/1 t_0, 4;
    %ix/load 0, 1, 0;
    %assign/v0/x1 v0x13b5050_0, 0, 8;
t_0 ;
    %load/v 8, v0x13b51d0_0, 4;
    %mov 12, 0, 28;
    %addi 8, 1, 32;
    %ix/load 0, 4, 0;
    %assign/v0 v0x13b51d0_0, 0, 8;
    %load/v 8, v0x13b4d30_0, 1;
    %jmp/0xz  T_13.10, 8;
    %load/v 8, v0x13b52c0_0, 1;
    %jmp/0xz  T_13.12, 8;
    %ix/load 0, 1, 0;
    %assign/v0 v0x13b52c0_0, 0, 0;
    %jmp T_13.13;
T_13.12 ;
    %ix/load 0, 1, 0;
    %assign/v0 v0x13b52c0_0, 0, 1;
T_13.13 ;
T_13.10 ;
    %jmp T_13.9;
T_13.8 ;
    %load/v 8, v0x13b51d0_0, 4;
    %mov 12, 0, 2;
    %cmpi/u 8, 9, 6;
    %jmp/0xz  T_13.14, 4;
    %load/v 8, v0x13b4d30_0, 1;
    %set/v v0x13b5440_0, 8, 1;
    %load/v 8, v0x13b51d0_0, 4;
    %mov 12, 0, 28;
    %addi 8, 1, 32;
    %ix/load 0, 4, 0;
    %assign/v0 v0x13b51d0_0, 0, 8;
    %load/v 8, v0x13b52c0_0, 1;
    %load/v 9, v0x13b5440_0, 1;
    %cmp/u 8, 9, 1;
    %inv 4, 1;
    %jmp/0xz  T_13.16, 4;
    %ix/load 0, 1, 0;
    %assign/v0 v0x13b4fb0_0, 0, 1;
T_13.16 ;
    %jmp T_13.15;
T_13.14 ;
    %load/v 8, v0x13b51d0_0, 4;
    %mov 12, 0, 2;
    %cmpi/u 8, 10, 6;
    %jmp/0xz  T_13.18, 4;
    %load/v 8, v0x13b4fb0_0, 1;
    %inv 8, 1;
    %load/v 9, v0x13b4f30_0, 1;
    %inv 9, 1;
    %and 8, 9, 1;
    %jmp/0xz  T_13.20, 8;
    %ix/load 0, 1, 0;
    %assign/v0 v0x13b5130_0, 0, 1;
    %load/v 8, v0x13b5050_0, 8;
    %ix/load 0, 8, 0;
    %assign/v0 v0x13b4df0_0, 0, 8;
T_13.20 ;
T_13.18 ;
T_13.15 ;
T_13.9 ;
T_13.6 ;
T_13.5 ;
T_13.2 ;
T_13.1 ;
    %jmp T_13;
    .thread T_13;
    .scope S_0x136c380;
T_14 ;
    %wait E_0x137b520;
    %load/v 8, v0x13b4e90_0, 1;
    %mov 9, 0, 2;
    %cmpi/u 8, 1, 3;
    %jmp/0xz  T_14.0, 4;
    %ix/load 0, 1, 0;
    %assign/v0 v0x13b5790_0, 0, 1;
    %jmp T_14.1;
T_14.0 ;
    %ix/load 0, 1, 0;
    %assign/v0 v0x13b5790_0, 0, 0;
T_14.1 ;
    %jmp T_14;
    .thread T_14, $push;
    .scope S_0x136bd80;
T_15 ;
    %movi 8, 43144, 16;
    %set/v v0x13b7270_0, 8, 16;
    %set/v v0x13b7070_0, 1, 3;
    %movi 8, 4, 3;
    %set/v v0x13b7500_0, 8, 3;
    %set/v v0x13b6fc0_0, 1, 1;
    %set/v v0x13b6a50_0, 1, 1;
    %set/v v0x13b6f10_0, 1, 1;
    %ix/load 1, 8, 0;
    %mov 4, 0, 1;
    %jmp/1 T_15.0, 4;
    %load/x1p 8, v0x13b7270_0, 8;
    %jmp T_15.1;
T_15.0 ;
    %mov 8, 2, 8;
T_15.1 ;
; Save base=8 wid=8 in lookaside.
    %set/v v0x13b6e40_0, 8, 8;
    %set/v v0x13b73f0_0, 0, 1;
    %set/v v0x13b72f0_0, 0, 32;
    %delay 5, 0;
    %set/v v0x13b6fc0_0, 0, 1;
    %end;
    .thread T_15;
    .scope S_0x136bd80;
T_16 ;
T_16.0 ;
    %ix/load 0, 1, 0;
    %assign/v0 v0x13b70f0_0, 0, 1;
    %delay 10, 0;
    %ix/load 0, 1, 0;
    %assign/v0 v0x13b70f0_0, 0, 0;
    %delay 10, 0;
    %ix/load 0, 1, 0;
    %assign/v0 v0x13b70f0_0, 0, 1;
    %jmp T_16.0;
    %end;
    .thread T_16;
    .scope S_0x136bd80;
T_17 ;
    %delay 27000, 0;
    %vpi_call 2 62 "$finish";
    %end;
    .thread T_17;
    .scope S_0x136bd80;
T_18 ;
    %vpi_call 2 66 "$dumpfile", "dump.vcd";
    %vpi_call 2 66 "$dumpvars";
    %end;
    .thread T_18;
    .scope S_0x136bd80;
T_19 ;
    %delay 1, 0;
    %wait E_0x13592c0;
    %ix/load 0, 1, 0;
    %assign/v0 v0x13b6a50_0, 0, 0;
    %ix/load 0, 1, 0;
    %assign/v0 v0x13b6f10_0, 0, 0;
    %jmp T_19;
    .thread T_19;
    .scope S_0x136bd80;
T_20 ;
    %wait E_0x136e5f0;
    %load/v 8, v0x13b72f0_0, 32;
    %mov 40, 39, 1;
    %addi 8, 1, 33;
    %set/v v0x13b72f0_0, 8, 32;
    %load/v 8, v0x13b72f0_0, 32;
    %cmpi/u 8, 1, 32;
    %jmp/0xz  T_20.0, 4;
    %load/v 8, v0x13b7270_0, 8; Only need 8 of 16 bits
; Save base=8 wid=8 in lookaside.
    %set/v v0x13b6e40_0, 8, 8;
    %delay 1000, 0;
    %set/v v0x13b6f10_0, 1, 1;
    %set/v v0x13b6fc0_0, 1, 1;
    %set/v v0x13b6a50_0, 1, 1;
    %set/v v0x13b73f0_0, 0, 1;
    %delay 5, 0;
    %set/v v0x13b6fc0_0, 0, 1;
T_20.0 ;
    %jmp T_20;
    .thread T_20;
# The file index is used to find the file name in the following table.
:file_names 4;
    "N/A";
    "<interactive>";
    "testbench.sv";
    "design.sv";
