#! /usr/share/iverilog-0.9.7/bin/vvp
:ivl_version "0.9.7 " "(v0_9_6)";
:vpi_time_precision - 9;
:vpi_module "system";
:vpi_module "v2005_math";
:vpi_module "va_math";
S_0x1147960 .scope module, "HW" "HW" 2 3;
 .timescale -9 -9;
v0x117f580_0 .net "AN0", 0 0, v0x117e1a0_0; 1 drivers
v0x117f630_0 .net "AN1", 0 0, v0x117e260_0; 1 drivers
v0x117f6e0_0 .net "AN2", 0 0, v0x117e300_0; 1 drivers
v0x117f790_0 .net "AN3", 0 0, v0x117e3a0_0; 1 drivers
v0x117f870_0 .net "HEX0", 7 0, v0x117f400_0; 1 drivers
v0x117f8f0_0 .net "HEX1", 7 0, v0x117f160_0; 1 drivers
v0x117f9c0_0 .net "HEX2", 7 0, v0x117eec0_0; 1 drivers
v0x117fa90_0 .net "HEX3", 7 0, v0x117ec20_0; 1 drivers
v0x117fbb0_0 .net "RxReady", 0 0, v0x1139d60_0; 1 drivers
v0x117fc80_0 .net "Rx_DATA", 7 0, v0x117a430_0; 1 drivers
v0x117fd00_0 .net "Rx_DATA_Encoded", 7 0, v0x117b3f0_0; 1 drivers
v0x117fdd0_0 .var "Rx_EN", 0 0;
v0x117fe50_0 .net "Rx_FERROR", 0 0, v0x117b4f0_0; 1 drivers
v0x117fed0_0 .net "Rx_PERROR", 0 0, v0x117b5d0_0; 1 drivers
v0x117ffd0_0 .net "Rx_VALID", 0 0, v0x117b740_0; 1 drivers
v0x1180050_0 .net "TxD", 0 0, v0x117c6a0_0; 1 drivers
v0x117ff50_0 .net "Tx_BUSY", 0 0, v0x117c740_0; 1 drivers
v0x11801b0_0 .var "Tx_Data", 7 0;
v0x11800d0_0 .net "Tx_Data_Encoded", 7 0, v0x117a810_0; 1 drivers
v0x1180320_0 .var "Tx_EN", 0 0;
v0x1180230_0 .var "Tx_WR", 0 0;
v0x1180450_0 .var "baud_select", 2 0;
v0x1180590_0 .var "clk", 0 0;
v0x117c430_0 .var "dataToSend", 15 0;
v0x11804d0_0 .net "dispReady", 0 0, v0x117d810_0; 1 drivers
v0x11807f0_0 .net "myChar0", 3 0, v0x117d8b0_0; 1 drivers
v0x1180770_0 .net "myChar1", 3 0, v0x117d950_0; 1 drivers
v0x11809a0_0 .net "myChar2", 3 0, v0x117da60_0; 1 drivers
v0x11808c0_0 .net "myChar3", 3 0, v0x117db00_0; 1 drivers
v0x1180b60_0 .net "myHex", 7 0, v0x117e8a0_0; 1 drivers
v0x1180a20_0 .var "reset", 0 0;
v0x1180d70_0 .net "setReady", 0 0, v0x117db80_0; 1 drivers
v0x1180be0_0 .var "wrong_baud_select", 2 0;
E_0x1110a00 .event posedge, v0x117d810_0;
E_0x114baa0 .event posedge, v0x117db80_0;
S_0x117f2e0 .scope module, "disp0" "LEDcoder" 2 62, 3 437, S_0x1147960;
 .timescale -9 -9;
v0x117f400_0 .var "LED", 7 0;
v0x117f4d0_0 .alias "char", 3 0, v0x11807f0_0;
E_0x117f3d0 .event edge, v0x117d8b0_0;
S_0x117f040 .scope module, "disp1" "LEDcoder" 2 63, 3 437, S_0x1147960;
 .timescale -9 -9;
v0x117f160_0 .var "LED", 7 0;
v0x117f230_0 .alias "char", 3 0, v0x1180770_0;
E_0x117f130 .event edge, v0x117d950_0;
S_0x117eda0 .scope module, "disp2" "LEDcoder" 2 64, 3 437, S_0x1147960;
 .timescale -9 -9;
v0x117eec0_0 .var "LED", 7 0;
v0x117ef90_0 .alias "char", 3 0, v0x11809a0_0;
E_0x117ee90 .event edge, v0x117da60_0;
S_0x117eae0 .scope module, "disp3" "LEDcoder" 2 65, 3 437, S_0x1147960;
 .timescale -9 -9;
v0x117ec20_0 .var "LED", 7 0;
v0x117ecf0_0 .alias "char", 3 0, v0x11808c0_0;
E_0x117ebd0 .event edge, v0x117db00_0;
S_0x117de10 .scope module, "Uo" "anodoi" 2 66, 3 468, S_0x1147960;
 .timescale -9 -9;
P_0x117df08 .param/l "w_closed" 3 481, C4<100>;
P_0x117df30 .param/l "w_openAN0" 3 485, C4<000>;
P_0x117df58 .param/l "w_openAN1" 3 484, C4<001>;
P_0x117df80 .param/l "w_openAN2" 3 483, C4<010>;
P_0x117dfa8 .param/l "w_openAN3" 3 482, C4<011>;
v0x117e1a0_0 .var "AN0", 0 0;
v0x117e260_0 .var "AN1", 0 0;
v0x117e300_0 .var "AN2", 0 0;
v0x117e3a0_0 .var "AN3", 0 0;
v0x117e420_0 .alias "HEX0", 7 0, v0x117f870_0;
v0x117e4c0_0 .alias "HEX1", 7 0, v0x117f8f0_0;
v0x117e5a0_0 .alias "HEX2", 7 0, v0x117f9c0_0;
v0x117e640_0 .alias "HEX3", 7 0, v0x117fa90_0;
v0x117e6e0_0 .net "clk", 0 0, v0x1180590_0; 1 drivers
v0x117e760_0 .var "current_state", 2 0;
v0x117e800_0 .var/i "cycles", 31 0;
v0x117e8a0_0 .var "myHex", 7 0;
v0x117e940_0 .var "next_state", 2 0;
v0x117e9e0_0 .alias "readyAnodes", 0 0, v0x11804d0_0;
E_0x117b5a0 .event edge, v0x117e1a0_0, v0x117e260_0, v0x117e300_0, v0x117e3a0_0;
S_0x117cec0 .scope module, "mess" "messageDisp" 2 68, 3 342, S_0x1147960;
 .timescale -9 -9;
P_0x117cfb8 .param/l "w_idle" 3 361, C4<00>;
P_0x117cfe0 .param/l "w_set1" 3 362, C4<01>;
P_0x117d008 .param/l "w_set2" 3 363, C4<10>;
v0x117d1e0_0 .alias "RxReady", 0 0, v0x117fbb0_0;
v0x117d2b0_0 .alias "Rx_DATA", 7 0, v0x117fc80_0;
v0x117d360_0 .alias "Rx_FERROR", 0 0, v0x117fe50_0;
v0x117d3e0_0 .alias "Rx_PERROR", 0 0, v0x117fed0_0;
v0x117d4b0_0 .alias "Rx_VALID", 0 0, v0x117ffd0_0;
v0x117d580_0 .var "Valid1", 0 0;
v0x117d640_0 .var "Valid2", 0 0;
v0x117d6c0_0 .alias "clk", 0 0, v0x117e6e0_0;
v0x117d790_0 .var "current_state", 1 0;
v0x117d810_0 .var "dispReady", 0 0;
v0x117d8b0_0 .var "myChar0", 3 0;
v0x117d950_0 .var "myChar1", 3 0;
v0x117da60_0 .var "myChar2", 3 0;
v0x117db00_0 .var "myChar3", 3 0;
v0x117dc20_0 .var "next_state", 1 0;
v0x117dcc0_0 .var "set", 0 0;
v0x117db80_0 .var "setReady", 0 0;
E_0x117d140 .event edge, v0x117dcc0_0;
E_0x117d190 .event posedge, v0x1139d60_0;
S_0x117bf00 .scope module, "Ut" "uart_transimitter" 2 71, 3 58, S_0x1147960;
 .timescale -9 -9;
P_0x117b998 .param/l "tx_off" 3 75, C4<0>;
P_0x117b9c0 .param/l "tx_on" 3 74, C4<1>;
v0x117c6a0_0 .var "TxD", 0 0;
v0x117c740_0 .var "Tx_BUSY", 0 0;
v0x117c7c0_0 .alias "Tx_Data", 7 0, v0x11800d0_0;
v0x117c840_0 .net "Tx_EN", 0 0, v0x1180320_0; 1 drivers
v0x117c8f0_0 .net "Tx_WR", 0 0, v0x1180230_0; 1 drivers
v0x117c970_0 .net "Tx_sample_ENABLE", 0 0, v0x117c5c0_0; 1 drivers
v0x117ca30_0 .net "baud_select", 2 0, v0x1180450_0; 1 drivers
v0x117cab0_0 .alias "clk", 0 0, v0x117e6e0_0;
v0x117cb80_0 .var "current_state", 0 0;
v0x117cc00_0 .var "next_state", 0 0;
v0x117cd00_0 .var "parity_bit", 0 0;
v0x117cda0_0 .net "reset", 0 0, v0x1180a20_0; 1 drivers
v0x117ce20_0 .var "tx_counter", 3 0;
E_0x117c090 .event edge, v0x117c840_0;
E_0x117c0e0 .event posedge, v0x117c5c0_0;
E_0x117c130 .event posedge, v0x117c8f0_0;
S_0x117c180 .scope module, "baud_controller_tx_instance" "baud_controller" 3 79, 3 3, S_0x117bf00;
 .timescale -9 -9;
v0x117c270_0 .var "baudCounter", 15 0;
v0x117c330_0 .alias "baud_select", 2 0, v0x117ca30_0;
v0x117c3b0_0 .alias "clk", 0 0, v0x117e6e0_0;
v0x117c4c0_0 .var "divisor", 15 0;
v0x117c540_0 .alias "reset", 0 0, v0x117cda0_0;
v0x117c5c0_0 .var "sample_ENABLE", 0 0;
S_0x117aa60 .scope module, "Ur" "uart_receiver" 2 74, 3 171, S_0x1147960;
 .timescale -9 -9;
P_0x117ab58 .param/l "rx_off" 3 196, C4<0>;
P_0x117ab80 .param/l "rx_on" 3 195, C4<1>;
v0x117b330_0 .alias "RxD", 0 0, v0x1180050_0;
v0x117b3f0_0 .var "Rx_DATA", 7 0;
v0x117b470_0 .net "Rx_EN", 0 0, v0x117fdd0_0; 1 drivers
v0x117b4f0_0 .var "Rx_FERROR", 0 0;
v0x117b5d0_0 .var "Rx_PERROR", 0 0;
v0x117b680_0 .var "Rx_POS_DATA", 7 0;
v0x117b740_0 .var "Rx_VALID", 0 0;
v0x117b7c0_0 .var "Rx_counter", 3 0;
v0x117b890_0 .var "Rx_parity_bit", 0 0;
v0x117b910_0 .net "Rx_sample_ENABLE", 0 0, v0x117b250_0; 1 drivers
v0x117ba20_0 .var "Tx_parity_bit", 0 0;
v0x117baa0_0 .alias "baud_select", 2 0, v0x117ca30_0;
v0x117bbc0_0 .alias "clk", 0 0, v0x117e6e0_0;
v0x117bc40_0 .var "current_state", 0 0;
v0x117bd40_0 .var "next_state", 0 0;
v0x117bdc0_0 .alias "reset", 0 0, v0x117cda0_0;
v0x117bcc0_0 .var "state", 0 0;
E_0x117ac50 .event edge, v0x117b470_0;
E_0x117aca0 .event negedge, v0x117b250_0;
E_0x117acf0 .event posedge, v0x117b470_0;
E_0x117ad40 .event negedge, v0x117b330_0;
S_0x117ada0 .scope module, "baud_controller_rx_instance" "baud_controller" 3 198, 3 3, S_0x117aa60;
 .timescale -9 -9;
v0x117af00_0 .var "baudCounter", 15 0;
v0x117afc0_0 .alias "baud_select", 2 0, v0x117ca30_0;
v0x117b060_0 .alias "clk", 0 0, v0x117e6e0_0;
v0x117b130_0 .var "divisor", 15 0;
v0x117b1b0_0 .alias "reset", 0 0, v0x117cda0_0;
v0x117b250_0 .var "sample_ENABLE", 0 0;
E_0x117ae90 .event edge, v0x117afc0_0;
S_0x117a660 .scope module, "test0" "nrz_i_coder" 2 77, 3 557, S_0x1147960;
 .timescale -9 -9;
v0x117a750_0 .net "Data", 7 0, v0x11801b0_0; 1 drivers
v0x117a810_0 .var "Encoded_Data", 7 0;
v0x117a8b0_0 .alias "clk", 0 0, v0x117e6e0_0;
v0x117a930_0 .var/i "counter", 31 0;
v0x117a9e0_0 .var "start", 0 0;
S_0x1102810 .scope module, "test1" "nrz_i_decoder" 2 79, 3 602, S_0x1147960;
 .timescale -9 -9;
v0x1139d60_0 .var "RxReady", 0 0;
v0x117a0c0_0 .alias "Rx_FERROR", 0 0, v0x117fe50_0;
v0x117a160_0 .alias "Rx_PERROR", 0 0, v0x117fed0_0;
v0x117a200_0 .alias "Rx_VALID", 0 0, v0x117ffd0_0;
v0x117a2b0_0 .alias "clk", 0 0, v0x117e6e0_0;
v0x117a350_0 .var/i "counter", 31 0;
v0x117a430_0 .var "decoded_Data", 7 0;
v0x117a4d0_0 .alias "encoded_Data", 7 0, v0x117fd00_0;
v0x117a5c0_0 .var "start", 0 0;
E_0x114d660 .event posedge, v0x117a2b0_0;
E_0x11530a0 .event posedge, v0x117a160_0, v0x117a0c0_0, v0x117a200_0;
    .scope S_0x117f2e0;
T_0 ;
    %wait E_0x117f3d0;
    %load/v 8, v0x117f4d0_0, 4;
    %cmpi/u 8, 0, 4;
    %jmp/1 T_0.0, 6;
    %cmpi/u 8, 1, 4;
    %jmp/1 T_0.1, 6;
    %cmpi/u 8, 2, 4;
    %jmp/1 T_0.2, 6;
    %cmpi/u 8, 3, 4;
    %jmp/1 T_0.3, 6;
    %cmpi/u 8, 4, 4;
    %jmp/1 T_0.4, 6;
    %cmpi/u 8, 5, 4;
    %jmp/1 T_0.5, 6;
    %cmpi/u 8, 6, 4;
    %jmp/1 T_0.6, 6;
    %cmpi/u 8, 7, 4;
    %jmp/1 T_0.7, 6;
    %cmpi/u 8, 8, 4;
    %jmp/1 T_0.8, 6;
    %cmpi/u 8, 9, 4;
    %jmp/1 T_0.9, 6;
    %cmpi/u 8, 10, 4;
    %jmp/1 T_0.10, 6;
    %cmpi/u 8, 11, 4;
    %jmp/1 T_0.11, 6;
    %cmpi/u 8, 12, 4;
    %jmp/1 T_0.12, 6;
    %jmp T_0.13;
T_0.0 ;
    %movi 8, 3, 8;
    %ix/load 0, 8, 0;
    %assign/v0 v0x117f400_0, 0, 8;
    %jmp T_0.13;
T_0.1 ;
    %movi 8, 159, 8;
    %ix/load 0, 8, 0;
    %assign/v0 v0x117f400_0, 0, 8;
    %jmp T_0.13;
T_0.2 ;
    %movi 8, 37, 8;
    %ix/load 0, 8, 0;
    %assign/v0 v0x117f400_0, 0, 8;
    %jmp T_0.13;
T_0.3 ;
    %movi 8, 13, 8;
    %ix/load 0, 8, 0;
    %assign/v0 v0x117f400_0, 0, 8;
    %jmp T_0.13;
T_0.4 ;
    %movi 8, 153, 8;
    %ix/load 0, 8, 0;
    %assign/v0 v0x117f400_0, 0, 8;
    %jmp T_0.13;
T_0.5 ;
    %movi 8, 73, 8;
    %ix/load 0, 8, 0;
    %assign/v0 v0x117f400_0, 0, 8;
    %jmp T_0.13;
T_0.6 ;
    %movi 8, 65, 8;
    %ix/load 0, 8, 0;
    %assign/v0 v0x117f400_0, 0, 8;
    %jmp T_0.13;
T_0.7 ;
    %movi 8, 31, 8;
    %ix/load 0, 8, 0;
    %assign/v0 v0x117f400_0, 0, 8;
    %jmp T_0.13;
T_0.8 ;
    %movi 8, 1, 8;
    %ix/load 0, 8, 0;
    %assign/v0 v0x117f400_0, 0, 8;
    %jmp T_0.13;
T_0.9 ;
    %movi 8, 9, 8;
    %ix/load 0, 8, 0;
    %assign/v0 v0x117f400_0, 0, 8;
    %jmp T_0.13;
T_0.10 ;
    %movi 8, 253, 8;
    %ix/load 0, 8, 0;
    %assign/v0 v0x117f400_0, 0, 8;
    %jmp T_0.13;
T_0.11 ;
    %movi 8, 113, 8;
    %ix/load 0, 8, 0;
    %assign/v0 v0x117f400_0, 0, 8;
    %jmp T_0.13;
T_0.12 ;
    %ix/load 0, 8, 0;
    %assign/v0 v0x117f400_0, 0, 1;
    %jmp T_0.13;
T_0.13 ;
    %jmp T_0;
    .thread T_0, $push;
    .scope S_0x117f040;
T_1 ;
    %wait E_0x117f130;
    %load/v 8, v0x117f230_0, 4;
    %cmpi/u 8, 0, 4;
    %jmp/1 T_1.0, 6;
    %cmpi/u 8, 1, 4;
    %jmp/1 T_1.1, 6;
    %cmpi/u 8, 2, 4;
    %jmp/1 T_1.2, 6;
    %cmpi/u 8, 3, 4;
    %jmp/1 T_1.3, 6;
    %cmpi/u 8, 4, 4;
    %jmp/1 T_1.4, 6;
    %cmpi/u 8, 5, 4;
    %jmp/1 T_1.5, 6;
    %cmpi/u 8, 6, 4;
    %jmp/1 T_1.6, 6;
    %cmpi/u 8, 7, 4;
    %jmp/1 T_1.7, 6;
    %cmpi/u 8, 8, 4;
    %jmp/1 T_1.8, 6;
    %cmpi/u 8, 9, 4;
    %jmp/1 T_1.9, 6;
    %cmpi/u 8, 10, 4;
    %jmp/1 T_1.10, 6;
    %cmpi/u 8, 11, 4;
    %jmp/1 T_1.11, 6;
    %cmpi/u 8, 12, 4;
    %jmp/1 T_1.12, 6;
    %jmp T_1.13;
T_1.0 ;
    %movi 8, 3, 8;
    %ix/load 0, 8, 0;
    %assign/v0 v0x117f160_0, 0, 8;
    %jmp T_1.13;
T_1.1 ;
    %movi 8, 159, 8;
    %ix/load 0, 8, 0;
    %assign/v0 v0x117f160_0, 0, 8;
    %jmp T_1.13;
T_1.2 ;
    %movi 8, 37, 8;
    %ix/load 0, 8, 0;
    %assign/v0 v0x117f160_0, 0, 8;
    %jmp T_1.13;
T_1.3 ;
    %movi 8, 13, 8;
    %ix/load 0, 8, 0;
    %assign/v0 v0x117f160_0, 0, 8;
    %jmp T_1.13;
T_1.4 ;
    %movi 8, 153, 8;
    %ix/load 0, 8, 0;
    %assign/v0 v0x117f160_0, 0, 8;
    %jmp T_1.13;
T_1.5 ;
    %movi 8, 73, 8;
    %ix/load 0, 8, 0;
    %assign/v0 v0x117f160_0, 0, 8;
    %jmp T_1.13;
T_1.6 ;
    %movi 8, 65, 8;
    %ix/load 0, 8, 0;
    %assign/v0 v0x117f160_0, 0, 8;
    %jmp T_1.13;
T_1.7 ;
    %movi 8, 31, 8;
    %ix/load 0, 8, 0;
    %assign/v0 v0x117f160_0, 0, 8;
    %jmp T_1.13;
T_1.8 ;
    %movi 8, 1, 8;
    %ix/load 0, 8, 0;
    %assign/v0 v0x117f160_0, 0, 8;
    %jmp T_1.13;
T_1.9 ;
    %movi 8, 9, 8;
    %ix/load 0, 8, 0;
    %assign/v0 v0x117f160_0, 0, 8;
    %jmp T_1.13;
T_1.10 ;
    %movi 8, 253, 8;
    %ix/load 0, 8, 0;
    %assign/v0 v0x117f160_0, 0, 8;
    %jmp T_1.13;
T_1.11 ;
    %movi 8, 113, 8;
    %ix/load 0, 8, 0;
    %assign/v0 v0x117f160_0, 0, 8;
    %jmp T_1.13;
T_1.12 ;
    %ix/load 0, 8, 0;
    %assign/v0 v0x117f160_0, 0, 1;
    %jmp T_1.13;
T_1.13 ;
    %jmp T_1;
    .thread T_1, $push;
    .scope S_0x117eda0;
T_2 ;
    %wait E_0x117ee90;
    %load/v 8, v0x117ef90_0, 4;
    %cmpi/u 8, 0, 4;
    %jmp/1 T_2.0, 6;
    %cmpi/u 8, 1, 4;
    %jmp/1 T_2.1, 6;
    %cmpi/u 8, 2, 4;
    %jmp/1 T_2.2, 6;
    %cmpi/u 8, 3, 4;
    %jmp/1 T_2.3, 6;
    %cmpi/u 8, 4, 4;
    %jmp/1 T_2.4, 6;
    %cmpi/u 8, 5, 4;
    %jmp/1 T_2.5, 6;
    %cmpi/u 8, 6, 4;
    %jmp/1 T_2.6, 6;
    %cmpi/u 8, 7, 4;
    %jmp/1 T_2.7, 6;
    %cmpi/u 8, 8, 4;
    %jmp/1 T_2.8, 6;
    %cmpi/u 8, 9, 4;
    %jmp/1 T_2.9, 6;
    %cmpi/u 8, 10, 4;
    %jmp/1 T_2.10, 6;
    %cmpi/u 8, 11, 4;
    %jmp/1 T_2.11, 6;
    %cmpi/u 8, 12, 4;
    %jmp/1 T_2.12, 6;
    %jmp T_2.13;
T_2.0 ;
    %movi 8, 3, 8;
    %ix/load 0, 8, 0;
    %assign/v0 v0x117eec0_0, 0, 8;
    %jmp T_2.13;
T_2.1 ;
    %movi 8, 159, 8;
    %ix/load 0, 8, 0;
    %assign/v0 v0x117eec0_0, 0, 8;
    %jmp T_2.13;
T_2.2 ;
    %movi 8, 37, 8;
    %ix/load 0, 8, 0;
    %assign/v0 v0x117eec0_0, 0, 8;
    %jmp T_2.13;
T_2.3 ;
    %movi 8, 13, 8;
    %ix/load 0, 8, 0;
    %assign/v0 v0x117eec0_0, 0, 8;
    %jmp T_2.13;
T_2.4 ;
    %movi 8, 153, 8;
    %ix/load 0, 8, 0;
    %assign/v0 v0x117eec0_0, 0, 8;
    %jmp T_2.13;
T_2.5 ;
    %movi 8, 73, 8;
    %ix/load 0, 8, 0;
    %assign/v0 v0x117eec0_0, 0, 8;
    %jmp T_2.13;
T_2.6 ;
    %movi 8, 65, 8;
    %ix/load 0, 8, 0;
    %assign/v0 v0x117eec0_0, 0, 8;
    %jmp T_2.13;
T_2.7 ;
    %movi 8, 31, 8;
    %ix/load 0, 8, 0;
    %assign/v0 v0x117eec0_0, 0, 8;
    %jmp T_2.13;
T_2.8 ;
    %movi 8, 1, 8;
    %ix/load 0, 8, 0;
    %assign/v0 v0x117eec0_0, 0, 8;
    %jmp T_2.13;
T_2.9 ;
    %movi 8, 9, 8;
    %ix/load 0, 8, 0;
    %assign/v0 v0x117eec0_0, 0, 8;
    %jmp T_2.13;
T_2.10 ;
    %movi 8, 253, 8;
    %ix/load 0, 8, 0;
    %assign/v0 v0x117eec0_0, 0, 8;
    %jmp T_2.13;
T_2.11 ;
    %movi 8, 113, 8;
    %ix/load 0, 8, 0;
    %assign/v0 v0x117eec0_0, 0, 8;
    %jmp T_2.13;
T_2.12 ;
    %ix/load 0, 8, 0;
    %assign/v0 v0x117eec0_0, 0, 1;
    %jmp T_2.13;
T_2.13 ;
    %jmp T_2;
    .thread T_2, $push;
    .scope S_0x117eae0;
T_3 ;
    %wait E_0x117ebd0;
    %load/v 8, v0x117ecf0_0, 4;
    %cmpi/u 8, 0, 4;
    %jmp/1 T_3.0, 6;
    %cmpi/u 8, 1, 4;
    %jmp/1 T_3.1, 6;
    %cmpi/u 8, 2, 4;
    %jmp/1 T_3.2, 6;
    %cmpi/u 8, 3, 4;
    %jmp/1 T_3.3, 6;
    %cmpi/u 8, 4, 4;
    %jmp/1 T_3.4, 6;
    %cmpi/u 8, 5, 4;
    %jmp/1 T_3.5, 6;
    %cmpi/u 8, 6, 4;
    %jmp/1 T_3.6, 6;
    %cmpi/u 8, 7, 4;
    %jmp/1 T_3.7, 6;
    %cmpi/u 8, 8, 4;
    %jmp/1 T_3.8, 6;
    %cmpi/u 8, 9, 4;
    %jmp/1 T_3.9, 6;
    %cmpi/u 8, 10, 4;
    %jmp/1 T_3.10, 6;
    %cmpi/u 8, 11, 4;
    %jmp/1 T_3.11, 6;
    %cmpi/u 8, 12, 4;
    %jmp/1 T_3.12, 6;
    %jmp T_3.13;
T_3.0 ;
    %movi 8, 3, 8;
    %ix/load 0, 8, 0;
    %assign/v0 v0x117ec20_0, 0, 8;
    %jmp T_3.13;
T_3.1 ;
    %movi 8, 159, 8;
    %ix/load 0, 8, 0;
    %assign/v0 v0x117ec20_0, 0, 8;
    %jmp T_3.13;
T_3.2 ;
    %movi 8, 37, 8;
    %ix/load 0, 8, 0;
    %assign/v0 v0x117ec20_0, 0, 8;
    %jmp T_3.13;
T_3.3 ;
    %movi 8, 13, 8;
    %ix/load 0, 8, 0;
    %assign/v0 v0x117ec20_0, 0, 8;
    %jmp T_3.13;
T_3.4 ;
    %movi 8, 153, 8;
    %ix/load 0, 8, 0;
    %assign/v0 v0x117ec20_0, 0, 8;
    %jmp T_3.13;
T_3.5 ;
    %movi 8, 73, 8;
    %ix/load 0, 8, 0;
    %assign/v0 v0x117ec20_0, 0, 8;
    %jmp T_3.13;
T_3.6 ;
    %movi 8, 65, 8;
    %ix/load 0, 8, 0;
    %assign/v0 v0x117ec20_0, 0, 8;
    %jmp T_3.13;
T_3.7 ;
    %movi 8, 31, 8;
    %ix/load 0, 8, 0;
    %assign/v0 v0x117ec20_0, 0, 8;
    %jmp T_3.13;
T_3.8 ;
    %movi 8, 1, 8;
    %ix/load 0, 8, 0;
    %assign/v0 v0x117ec20_0, 0, 8;
    %jmp T_3.13;
T_3.9 ;
    %movi 8, 9, 8;
    %ix/load 0, 8, 0;
    %assign/v0 v0x117ec20_0, 0, 8;
    %jmp T_3.13;
T_3.10 ;
    %movi 8, 253, 8;
    %ix/load 0, 8, 0;
    %assign/v0 v0x117ec20_0, 0, 8;
    %jmp T_3.13;
T_3.11 ;
    %movi 8, 113, 8;
    %ix/load 0, 8, 0;
    %assign/v0 v0x117ec20_0, 0, 8;
    %jmp T_3.13;
T_3.12 ;
    %ix/load 0, 8, 0;
    %assign/v0 v0x117ec20_0, 0, 1;
    %jmp T_3.13;
T_3.13 ;
    %jmp T_3;
    .thread T_3, $push;
    .scope S_0x117de10;
T_4 ;
    %set/v v0x117e1a0_0, 1, 1;
    %set/v v0x117e260_0, 1, 1;
    %set/v v0x117e300_0, 1, 1;
    %set/v v0x117e3a0_0, 1, 1;
    %set/v v0x117e8a0_0, 0, 8;
    %movi 8, 15, 32;
    %set/v v0x117e800_0, 8, 32;
    %movi 8, 4, 3;
    %set/v v0x117e760_0, 8, 3;
    %movi 8, 4, 3;
    %set/v v0x117e940_0, 8, 3;
    %end;
    .thread T_4;
    .scope S_0x117de10;
T_5 ;
    %wait E_0x114d660;
    %load/v 8, v0x117e940_0, 3;
    %set/v v0x117e760_0, 8, 3;
    %load/v 8, v0x117e9e0_0, 1;
    %jmp/0xz  T_5.0, 8;
    %load/v 8, v0x117e800_0, 32;
    %cmpi/u 8, 15, 32;
    %jmp/0xz  T_5.2, 4;
    %set/v v0x117e800_0, 0, 32;
    %jmp T_5.3;
T_5.2 ;
    %load/v 8, v0x117e800_0, 32;
    %mov 40, 39, 1;
    %addi 8, 1, 33;
    %set/v v0x117e800_0, 8, 32;
T_5.3 ;
    %load/v 8, v0x117e800_0, 32;
    %cmpi/u 8, 2, 32;
    %jmp/1 T_5.4, 6;
    %cmpi/u 8, 3, 32;
    %jmp/1 T_5.5, 6;
    %cmpi/u 8, 6, 32;
    %jmp/1 T_5.6, 6;
    %cmpi/u 8, 7, 32;
    %jmp/1 T_5.7, 6;
    %cmpi/u 8, 10, 32;
    %jmp/1 T_5.8, 6;
    %cmpi/u 8, 11, 32;
    %jmp/1 T_5.9, 6;
    %cmpi/u 8, 14, 32;
    %jmp/1 T_5.10, 6;
    %cmpi/u 8, 15, 32;
    %jmp/1 T_5.11, 6;
    %cmpi/u 8, 0, 32;
    %jmp/1 T_5.12, 6;
    %cmpi/u 8, 4, 32;
    %jmp/1 T_5.13, 6;
    %cmpi/u 8, 8, 32;
    %jmp/1 T_5.14, 6;
    %cmpi/u 8, 12, 32;
    %jmp/1 T_5.15, 6;
    %jmp T_5.16;
T_5.4 ;
    %set/v v0x117e3a0_0, 0, 1;
    %jmp T_5.16;
T_5.5 ;
    %set/v v0x117e3a0_0, 1, 1;
    %jmp T_5.16;
T_5.6 ;
    %set/v v0x117e300_0, 0, 1;
    %jmp T_5.16;
T_5.7 ;
    %set/v v0x117e300_0, 1, 1;
    %jmp T_5.16;
T_5.8 ;
    %set/v v0x117e260_0, 0, 1;
    %jmp T_5.16;
T_5.9 ;
    %set/v v0x117e260_0, 1, 1;
    %jmp T_5.16;
T_5.10 ;
    %set/v v0x117e1a0_0, 0, 1;
    %jmp T_5.16;
T_5.11 ;
    %set/v v0x117e1a0_0, 1, 1;
    %jmp T_5.16;
T_5.12 ;
    %load/v 8, v0x117e640_0, 8;
    %set/v v0x117e8a0_0, 8, 8;
    %jmp T_5.16;
T_5.13 ;
    %load/v 8, v0x117e5a0_0, 8;
    %set/v v0x117e8a0_0, 8, 8;
    %jmp T_5.16;
T_5.14 ;
    %load/v 8, v0x117e4c0_0, 8;
    %set/v v0x117e8a0_0, 8, 8;
    %jmp T_5.16;
T_5.15 ;
    %load/v 8, v0x117e420_0, 8;
    %set/v v0x117e8a0_0, 8, 8;
    %jmp T_5.16;
T_5.16 ;
T_5.0 ;
    %jmp T_5;
    .thread T_5;
    .scope S_0x117de10;
T_6 ;
    %wait E_0x117b5a0;
    %load/v 8, v0x117e3a0_0, 1;
    %mov 9, 0, 1;
    %cmpi/u 8, 0, 2;
    %jmp/0xz  T_6.0, 4;
    %movi 8, 3, 3;
    %set/v v0x117e940_0, 8, 3;
    %jmp T_6.1;
T_6.0 ;
    %load/v 8, v0x117e300_0, 1;
    %mov 9, 0, 1;
    %cmpi/u 8, 0, 2;
    %jmp/0xz  T_6.2, 4;
    %movi 8, 2, 3;
    %set/v v0x117e940_0, 8, 3;
    %jmp T_6.3;
T_6.2 ;
    %load/v 8, v0x117e260_0, 1;
    %mov 9, 0, 1;
    %cmpi/u 8, 0, 2;
    %jmp/0xz  T_6.4, 4;
    %movi 8, 1, 3;
    %set/v v0x117e940_0, 8, 3;
    %jmp T_6.5;
T_6.4 ;
    %load/v 8, v0x117e1a0_0, 1;
    %mov 9, 0, 1;
    %cmpi/u 8, 0, 2;
    %jmp/0xz  T_6.6, 4;
    %set/v v0x117e940_0, 0, 3;
    %jmp T_6.7;
T_6.6 ;
    %movi 8, 4, 3;
    %set/v v0x117e940_0, 8, 3;
T_6.7 ;
T_6.5 ;
T_6.3 ;
T_6.1 ;
    %jmp T_6;
    .thread T_6, $push;
    .scope S_0x117cec0;
T_7 ;
    %set/v v0x117d810_0, 0, 1;
    %set/v v0x117db80_0, 0, 1;
    %set/v v0x117dcc0_0, 0, 1;
    %set/v v0x117d580_0, 0, 1;
    %set/v v0x117d640_0, 0, 1;
    %set/v v0x117d790_0, 0, 2;
    %set/v v0x117dc20_0, 0, 2;
    %end;
    .thread T_7;
    .scope S_0x117cec0;
T_8 ;
    %wait E_0x114d660;
    %load/v 8, v0x117dc20_0, 2;
    %set/v v0x117d790_0, 8, 2;
    %jmp T_8;
    .thread T_8;
    .scope S_0x117cec0;
T_9 ;
    %wait E_0x117d190;
    %load/v 8, v0x117dcc0_0, 1;
    %mov 9, 0, 1;
    %cmpi/u 8, 0, 2;
    %jmp/0xz  T_9.0, 4;
    %load/v 8, v0x117d4b0_0, 1;
    %set/v v0x117d580_0, 8, 1;
    %ix/load 1, 4, 0;
    %mov 4, 0, 1;
    %jmp/1 T_9.2, 4;
    %load/x1p 8, v0x117d2b0_0, 4;
    %jmp T_9.3;
T_9.2 ;
    %mov 8, 2, 4;
T_9.3 ;
; Save base=8 wid=4 in lookaside.
    %set/v v0x117db00_0, 8, 4;
    %load/v 8, v0x117d2b0_0, 4; Only need 4 of 8 bits
; Save base=8 wid=4 in lookaside.
    %set/v v0x117da60_0, 8, 4;
    %set/v v0x117db80_0, 1, 1;
    %set/v v0x117d810_0, 0, 1;
    %set/v v0x117dcc0_0, 1, 1;
    %jmp T_9.1;
T_9.0 ;
    %load/v 8, v0x117d4b0_0, 1;
    %set/v v0x117d640_0, 8, 1;
    %ix/load 1, 4, 0;
    %mov 4, 0, 1;
    %jmp/1 T_9.4, 4;
    %load/x1p 8, v0x117d2b0_0, 4;
    %jmp T_9.5;
T_9.4 ;
    %mov 8, 2, 4;
T_9.5 ;
; Save base=8 wid=4 in lookaside.
    %set/v v0x117d950_0, 8, 4;
    %load/v 8, v0x117d2b0_0, 4; Only need 4 of 8 bits
; Save base=8 wid=4 in lookaside.
    %set/v v0x117d8b0_0, 8, 4;
    %load/v 8, v0x117d580_0, 1;
    %mov 9, 0, 1;
    %cmpi/u 8, 0, 2;
    %mov 8, 4, 1;
    %load/v 9, v0x117d640_0, 1;
    %mov 10, 0, 1;
    %cmpi/u 9, 0, 2;
    %or 8, 4, 1;
    %jmp/0xz  T_9.6, 8;
    %movi 8, 11, 4;
    %set/v v0x117d8b0_0, 8, 4;
    %movi 8, 11, 4;
    %set/v v0x117d950_0, 8, 4;
    %movi 8, 11, 4;
    %set/v v0x117da60_0, 8, 4;
    %movi 8, 11, 4;
    %set/v v0x117db00_0, 8, 4;
T_9.6 ;
    %set/v v0x117d810_0, 1, 1;
    %set/v v0x117db80_0, 0, 1;
    %set/v v0x117dcc0_0, 0, 1;
T_9.1 ;
    %jmp T_9;
    .thread T_9;
    .scope S_0x117cec0;
T_10 ;
    %wait E_0x117d140;
    %load/v 8, v0x117dcc0_0, 1;
    %mov 9, 0, 1;
    %cmpi/u 8, 0, 2;
    %jmp/0xz  T_10.0, 4;
    %movi 8, 1, 2;
    %set/v v0x117dc20_0, 8, 2;
    %jmp T_10.1;
T_10.0 ;
    %movi 8, 2, 2;
    %set/v v0x117dc20_0, 8, 2;
T_10.1 ;
    %jmp T_10;
    .thread T_10, $push;
    .scope S_0x117c180;
T_11 ;
    %ix/load 0, 16, 0;
    %assign/v0 v0x117c270_0, 0, 0;
    %ix/load 0, 1, 0;
    %assign/v0 v0x117c5c0_0, 0, 0;
    %end;
    .thread T_11;
    .scope S_0x117c180;
T_12 ;
    %wait E_0x117ae90;
    %load/v 8, v0x117c330_0, 3;
    %cmpi/u 8, 0, 3;
    %jmp/1 T_12.0, 6;
    %cmpi/u 8, 1, 3;
    %jmp/1 T_12.1, 6;
    %cmpi/u 8, 2, 3;
    %jmp/1 T_12.2, 6;
    %cmpi/u 8, 3, 3;
    %jmp/1 T_12.3, 6;
    %cmpi/u 8, 4, 3;
    %jmp/1 T_12.4, 6;
    %cmpi/u 8, 5, 3;
    %jmp/1 T_12.5, 6;
    %cmpi/u 8, 6, 3;
    %jmp/1 T_12.6, 6;
    %cmpi/u 8, 7, 3;
    %jmp/1 T_12.7, 6;
    %jmp T_12.8;
T_12.0 ;
    %movi 8, 10417, 16;
    %set/v v0x117c4c0_0, 8, 16;
    %jmp T_12.8;
T_12.1 ;
    %movi 8, 2604, 16;
    %set/v v0x117c4c0_0, 8, 16;
    %jmp T_12.8;
T_12.2 ;
    %movi 8, 651, 16;
    %set/v v0x117c4c0_0, 8, 16;
    %jmp T_12.8;
T_12.3 ;
    %movi 8, 326, 16;
    %set/v v0x117c4c0_0, 8, 16;
    %jmp T_12.8;
T_12.4 ;
    %movi 8, 163, 16;
    %set/v v0x117c4c0_0, 8, 16;
    %jmp T_12.8;
T_12.5 ;
    %movi 8, 81, 16;
    %set/v v0x117c4c0_0, 8, 16;
    %jmp T_12.8;
T_12.6 ;
    %movi 8, 54, 16;
    %set/v v0x117c4c0_0, 8, 16;
    %jmp T_12.8;
T_12.7 ;
    %movi 8, 27, 16;
    %set/v v0x117c4c0_0, 8, 16;
    %jmp T_12.8;
T_12.8 ;
    %jmp T_12;
    .thread T_12, $push;
    .scope S_0x117c180;
T_13 ;
    %wait E_0x114d660;
    %load/v 8, v0x117c540_0, 1;
    %jmp/0xz  T_13.0, 8;
    %ix/load 0, 16, 0;
    %assign/v0 v0x117c270_0, 0, 0;
    %ix/load 0, 1, 0;
    %assign/v0 v0x117c5c0_0, 0, 0;
    %jmp T_13.1;
T_13.0 ;
    %load/v 8, v0x117c270_0, 16;
    %mov 24, 0, 16;
    %addi 8, 1, 32;
    %ix/load 0, 16, 0;
    %assign/v0 v0x117c270_0, 0, 8;
    %load/v 8, v0x117c270_0, 16;
    %mov 24, 0, 16;
    %load/v 40, v0x117c4c0_0, 16;
    %mov 56, 0, 16;
    %subi 40, 1, 32;
    %cmp/u 8, 40, 32;
    %jmp/0xz  T_13.2, 4;
    %load/v 8, v0x117c5c0_0, 1;
    %inv 8, 1;
    %ix/load 0, 1, 0;
    %assign/v0 v0x117c5c0_0, 0, 8;
    %ix/load 0, 16, 0;
    %assign/v0 v0x117c270_0, 0, 0;
T_13.2 ;
T_13.1 ;
    %jmp T_13;
    .thread T_13;
    .scope S_0x117bf00;
T_14 ;
    %ix/load 0, 1, 0;
    %assign/v0 v0x117c740_0, 0, 0;
    %ix/load 0, 4, 0;
    %assign/v0 v0x117ce20_0, 0, 0;
    %ix/load 0, 1, 0;
    %assign/v0 v0x117c6a0_0, 0, 1;
    %ix/load 0, 1, 0;
    %assign/v0 v0x117cb80_0, 0, 0;
    %ix/load 0, 1, 0;
    %assign/v0 v0x117cc00_0, 0, 0;
    %ix/load 0, 1, 0;
    %assign/v0 v0x117cd00_0, 0, 0;
    %end;
    .thread T_14;
    .scope S_0x117bf00;
T_15 ;
    %wait E_0x117c130;
    %ix/load 0, 1, 0;
    %assign/v0 v0x117c740_0, 0, 0;
    %ix/load 0, 4, 0;
    %assign/v0 v0x117ce20_0, 0, 0;
    %ix/load 0, 1, 0;
    %assign/v0 v0x117c6a0_0, 0, 1;
    %ix/load 0, 1, 0;
    %assign/v0 v0x117cb80_0, 0, 0;
    %ix/load 0, 1, 0;
    %assign/v0 v0x117cc00_0, 0, 0;
    %ix/load 0, 1, 0;
    %assign/v0 v0x117cd00_0, 0, 0;
    %jmp T_15;
    .thread T_15;
    .scope S_0x117bf00;
T_16 ;
    %wait E_0x117c0e0;
    %load/v 8, v0x117cda0_0, 1;
    %jmp/0xz  T_16.0, 8;
    %ix/load 0, 1, 0;
    %assign/v0 v0x117c740_0, 0, 0;
    %ix/load 0, 4, 0;
    %assign/v0 v0x117ce20_0, 0, 0;
    %ix/load 0, 1, 0;
    %assign/v0 v0x117c6a0_0, 0, 1;
    %ix/load 0, 1, 0;
    %assign/v0 v0x117cb80_0, 0, 0;
    %ix/load 0, 1, 0;
    %assign/v0 v0x117cc00_0, 0, 0;
    %ix/load 0, 1, 0;
    %assign/v0 v0x117cd00_0, 0, 0;
    %jmp T_16.1;
T_16.0 ;
    %load/v 8, v0x117cc00_0, 1;
    %ix/load 0, 1, 0;
    %assign/v0 v0x117cb80_0, 0, 8;
    %load/v 8, v0x117c840_0, 1;
    %jmp/0xz  T_16.2, 8;
    %ix/load 0, 1, 0;
    %assign/v0 v0x117c740_0, 0, 1;
    %load/v 8, v0x117ce20_0, 4;
    %mov 12, 0, 1;
    %cmpi/u 8, 0, 5;
    %jmp/0xz  T_16.4, 4;
    %ix/load 0, 1, 0;
    %assign/v0 v0x117c6a0_0, 0, 0;
    %jmp T_16.5;
T_16.4 ;
    %load/v 8, v0x117ce20_0, 4;
    %mov 12, 0, 2;
    %cmpi/u 8, 10, 6;
    %jmp/0xz  T_16.6, 4;
    %ix/load 0, 1, 0;
    %assign/v0 v0x117c6a0_0, 0, 1;
    %jmp T_16.7;
T_16.6 ;
    %load/v 8, v0x117ce20_0, 4;
    %mov 12, 0, 2;
    %cmpi/u 8, 9, 6;
    %jmp/0xz  T_16.8, 4;
    %load/v 8, v0x117cd00_0, 1;
    %ix/load 0, 1, 0;
    %assign/v0 v0x117c6a0_0, 0, 8;
    %jmp T_16.9;
T_16.8 ;
    %load/v 8, v0x117ce20_0, 4;
    %movi 12, 0, 28;
    %subi 8, 1, 32;
    %ix/get 1, 8, 32;
    %jmp/1 T_16.10, 4;
    %load/x1p 8, v0x117c7c0_0, 1;
    %jmp T_16.11;
T_16.10 ;
    %mov 8, 2, 1;
T_16.11 ;
; Save base=8 wid=1 in lookaside.
    %ix/load 0, 1, 0;
    %assign/v0 v0x117c6a0_0, 0, 8;
    %load/v 8, v0x117ce20_0, 4;
    %movi 12, 0, 28;
    %subi 8, 1, 32;
    %ix/get 1, 8, 32;
    %jmp/1 T_16.12, 4;
    %load/x1p 8, v0x117c7c0_0, 1;
    %jmp T_16.13;
T_16.12 ;
    %mov 8, 2, 1;
T_16.13 ;
; Save base=8 wid=1 in lookaside.
    %jmp/0xz  T_16.14, 8;
    %load/v 8, v0x117cd00_0, 1;
    %jmp/0xz  T_16.16, 8;
    %ix/load 0, 1, 0;
    %assign/v0 v0x117cd00_0, 0, 0;
    %jmp T_16.17;
T_16.16 ;
    %ix/load 0, 1, 0;
    %assign/v0 v0x117cd00_0, 0, 1;
T_16.17 ;
T_16.14 ;
T_16.9 ;
T_16.7 ;
T_16.5 ;
    %load/v 8, v0x117ce20_0, 4;
    %mov 12, 0, 28;
    %addi 8, 1, 32;
    %ix/load 0, 4, 0;
    %assign/v0 v0x117ce20_0, 0, 8;
    %load/v 8, v0x117ce20_0, 4;
    %mov 12, 0, 2;
    %cmpi/u 8, 11, 6;
    %jmp/0xz  T_16.18, 4;
    %ix/load 0, 1, 0;
    %assign/v0 v0x117c740_0, 0, 0;
    %ix/load 0, 1, 0;
    %assign/v0 v0x117c6a0_0, 0, 1;
T_16.18 ;
T_16.2 ;
T_16.1 ;
    %jmp T_16;
    .thread T_16;
    .scope S_0x117bf00;
T_17 ;
    %wait E_0x117c090;
    %load/v 8, v0x117c840_0, 1;
    %mov 9, 0, 2;
    %cmpi/u 8, 1, 3;
    %jmp/0xz  T_17.0, 4;
    %ix/load 0, 1, 0;
    %assign/v0 v0x117cc00_0, 0, 1;
    %jmp T_17.1;
T_17.0 ;
    %ix/load 0, 1, 0;
    %assign/v0 v0x117cc00_0, 0, 0;
T_17.1 ;
    %jmp T_17;
    .thread T_17, $push;
    .scope S_0x117ada0;
T_18 ;
    %ix/load 0, 16, 0;
    %assign/v0 v0x117af00_0, 0, 0;
    %ix/load 0, 1, 0;
    %assign/v0 v0x117b250_0, 0, 0;
    %end;
    .thread T_18;
    .scope S_0x117ada0;
T_19 ;
    %wait E_0x117ae90;
    %load/v 8, v0x117afc0_0, 3;
    %cmpi/u 8, 0, 3;
    %jmp/1 T_19.0, 6;
    %cmpi/u 8, 1, 3;
    %jmp/1 T_19.1, 6;
    %cmpi/u 8, 2, 3;
    %jmp/1 T_19.2, 6;
    %cmpi/u 8, 3, 3;
    %jmp/1 T_19.3, 6;
    %cmpi/u 8, 4, 3;
    %jmp/1 T_19.4, 6;
    %cmpi/u 8, 5, 3;
    %jmp/1 T_19.5, 6;
    %cmpi/u 8, 6, 3;
    %jmp/1 T_19.6, 6;
    %cmpi/u 8, 7, 3;
    %jmp/1 T_19.7, 6;
    %jmp T_19.8;
T_19.0 ;
    %movi 8, 10417, 16;
    %set/v v0x117b130_0, 8, 16;
    %jmp T_19.8;
T_19.1 ;
    %movi 8, 2604, 16;
    %set/v v0x117b130_0, 8, 16;
    %jmp T_19.8;
T_19.2 ;
    %movi 8, 651, 16;
    %set/v v0x117b130_0, 8, 16;
    %jmp T_19.8;
T_19.3 ;
    %movi 8, 326, 16;
    %set/v v0x117b130_0, 8, 16;
    %jmp T_19.8;
T_19.4 ;
    %movi 8, 163, 16;
    %set/v v0x117b130_0, 8, 16;
    %jmp T_19.8;
T_19.5 ;
    %movi 8, 81, 16;
    %set/v v0x117b130_0, 8, 16;
    %jmp T_19.8;
T_19.6 ;
    %movi 8, 54, 16;
    %set/v v0x117b130_0, 8, 16;
    %jmp T_19.8;
T_19.7 ;
    %movi 8, 27, 16;
    %set/v v0x117b130_0, 8, 16;
    %jmp T_19.8;
T_19.8 ;
    %jmp T_19;
    .thread T_19, $push;
    .scope S_0x117ada0;
T_20 ;
    %wait E_0x114d660;
    %load/v 8, v0x117b1b0_0, 1;
    %jmp/0xz  T_20.0, 8;
    %ix/load 0, 16, 0;
    %assign/v0 v0x117af00_0, 0, 0;
    %ix/load 0, 1, 0;
    %assign/v0 v0x117b250_0, 0, 0;
    %jmp T_20.1;
T_20.0 ;
    %load/v 8, v0x117af00_0, 16;
    %mov 24, 0, 16;
    %addi 8, 1, 32;
    %ix/load 0, 16, 0;
    %assign/v0 v0x117af00_0, 0, 8;
    %load/v 8, v0x117af00_0, 16;
    %mov 24, 0, 16;
    %load/v 40, v0x117b130_0, 16;
    %mov 56, 0, 16;
    %subi 40, 1, 32;
    %cmp/u 8, 40, 32;
    %jmp/0xz  T_20.2, 4;
    %load/v 8, v0x117b250_0, 1;
    %inv 8, 1;
    %ix/load 0, 1, 0;
    %assign/v0 v0x117b250_0, 0, 8;
    %ix/load 0, 16, 0;
    %assign/v0 v0x117af00_0, 0, 0;
T_20.2 ;
T_20.1 ;
    %jmp T_20;
    .thread T_20;
    .scope S_0x117aa60;
T_21 ;
    %ix/load 0, 4, 0;
    %assign/v0 v0x117b7c0_0, 0, 0;
    %ix/load 0, 1, 0;
    %assign/v0 v0x117b4f0_0, 0, 0;
    %ix/load 0, 1, 0;
    %assign/v0 v0x117b5d0_0, 0, 0;
    %ix/load 0, 1, 0;
    %assign/v0 v0x117b740_0, 0, 0;
    %ix/load 0, 1, 0;
    %assign/v0 v0x117bcc0_0, 0, 0;
    %ix/load 0, 8, 0;
    %assign/v0 v0x117b3f0_0, 0, 0;
    %ix/load 0, 1, 0;
    %assign/v0 v0x117bc40_0, 0, 0;
    %ix/load 0, 1, 0;
    %assign/v0 v0x117bd40_0, 0, 0;
    %ix/load 0, 1, 0;
    %assign/v0 v0x117ba20_0, 0, 0;
    %ix/load 0, 1, 0;
    %assign/v0 v0x117b890_0, 0, 0;
    %end;
    .thread T_21;
    .scope S_0x117aa60;
T_22 ;
    %wait E_0x117ad40;
    %load/v 8, v0x117b910_0, 1;
    %mov 9, 0, 1;
    %cmpi/u 8, 0, 2;
    %jmp/0xz  T_22.0, 4;
    %set/v v0x117b4f0_0, 1, 1;
T_22.0 ;
    %jmp T_22;
    .thread T_22;
    .scope S_0x117aa60;
T_23 ;
    %wait E_0x117acf0;
    %ix/load 0, 4, 0;
    %assign/v0 v0x117b7c0_0, 0, 0;
    %ix/load 0, 1, 0;
    %assign/v0 v0x117bcc0_0, 0, 0;
    %ix/load 0, 1, 0;
    %assign/v0 v0x117b4f0_0, 0, 0;
    %ix/load 0, 1, 0;
    %assign/v0 v0x117b5d0_0, 0, 0;
    %ix/load 0, 1, 0;
    %assign/v0 v0x117b740_0, 0, 0;
    %ix/load 0, 1, 0;
    %assign/v0 v0x117ba20_0, 0, 0;
    %ix/load 0, 1, 0;
    %assign/v0 v0x117b890_0, 0, 0;
    %jmp T_23;
    .thread T_23;
    .scope S_0x117aa60;
T_24 ;
    %wait E_0x117aca0;
    %load/v 8, v0x117bdc0_0, 1;
    %jmp/0xz  T_24.0, 8;
    %ix/load 0, 4, 0;
    %assign/v0 v0x117b7c0_0, 0, 0;
    %ix/load 0, 1, 0;
    %assign/v0 v0x117b4f0_0, 0, 0;
    %ix/load 0, 1, 0;
    %assign/v0 v0x117b5d0_0, 0, 0;
    %ix/load 0, 1, 0;
    %assign/v0 v0x117b740_0, 0, 0;
    %ix/load 0, 1, 0;
    %assign/v0 v0x117bcc0_0, 0, 0;
    %ix/load 0, 8, 0;
    %assign/v0 v0x117b3f0_0, 0, 0;
    %ix/load 0, 1, 0;
    %assign/v0 v0x117bc40_0, 0, 0;
    %ix/load 0, 1, 0;
    %assign/v0 v0x117bd40_0, 0, 0;
    %ix/load 0, 1, 0;
    %assign/v0 v0x117ba20_0, 0, 0;
    %ix/load 0, 1, 0;
    %assign/v0 v0x117b890_0, 0, 0;
    %jmp T_24.1;
T_24.0 ;
    %load/v 8, v0x117bd40_0, 1;
    %ix/load 0, 1, 0;
    %assign/v0 v0x117bc40_0, 0, 8;
    %load/v 8, v0x117b470_0, 1;
    %jmp/0xz  T_24.2, 8;
    %load/v 8, v0x117b330_0, 1;
    %inv 8, 1;
    %load/v 9, v0x117bcc0_0, 1;
    %inv 9, 1;
    %and 8, 9, 1;
    %jmp/0xz  T_24.4, 8;
    %ix/load 0, 1, 0;
    %assign/v0 v0x117bcc0_0, 0, 1;
    %load/v 8, v0x117b7c0_0, 4;
    %mov 12, 0, 28;
    %addi 8, 1, 32;
    %ix/load 0, 4, 0;
    %assign/v0 v0x117b7c0_0, 0, 8;
    %ix/load 0, 1, 0;
    %assign/v0 v0x117b740_0, 0, 0;
    %ix/load 0, 1, 0;
    %assign/v0 v0x117b890_0, 0, 0;
    %jmp T_24.5;
T_24.4 ;
    %load/v 8, v0x117bcc0_0, 1;
    %jmp/0xz  T_24.6, 8;
    %load/v 8, v0x117b7c0_0, 4;
    %mov 12, 0, 2;
   %cmpi/u 8, 9, 6;
    %jmp/0xz  T_24.8, 5;
    %load/v 8, v0x117b330_0, 1;
    %load/v 9, v0x117b7c0_0, 4;
    %movi 13, 0, 28;
    %subi 9, 1, 32;
    %ix/get 1, 9, 32;
    %jmp/1 t_0, 4;
    %ix/load 0, 1, 0;
    %assign/v0/x1 v0x117b680_0, 0, 8;
t_0 ;
    %load/v 8, v0x117b7c0_0, 4;
    %mov 12, 0, 28;
    %addi 8, 1, 32;
    %ix/load 0, 4, 0;
    %assign/v0 v0x117b7c0_0, 0, 8;
    %load/v 8, v0x117b330_0, 1;
    %jmp/0xz  T_24.10, 8;
    %load/v 8, v0x117b890_0, 1;
    %jmp/0xz  T_24.12, 8;
    %ix/load 0, 1, 0;
    %assign/v0 v0x117b890_0, 0, 0;
    %jmp T_24.13;
T_24.12 ;
    %ix/load 0, 1, 0;
    %assign/v0 v0x117b890_0, 0, 1;
T_24.13 ;
T_24.10 ;
    %jmp T_24.9;
T_24.8 ;
    %load/v 8, v0x117b7c0_0, 4;
    %mov 12, 0, 2;
    %cmpi/u 8, 9, 6;
    %jmp/0xz  T_24.14, 4;
    %load/v 8, v0x117b330_0, 1;
    %set/v v0x117ba20_0, 8, 1;
    %load/v 8, v0x117b7c0_0, 4;
    %mov 12, 0, 28;
    %addi 8, 1, 32;
    %ix/load 0, 4, 0;
    %assign/v0 v0x117b7c0_0, 0, 8;
    %load/v 8, v0x117b890_0, 1;
    %load/v 9, v0x117ba20_0, 1;
    %cmp/u 8, 9, 1;
    %inv 4, 1;
    %jmp/0xz  T_24.16, 4;
    %ix/load 0, 1, 0;
    %assign/v0 v0x117b5d0_0, 0, 1;
T_24.16 ;
    %jmp T_24.15;
T_24.14 ;
    %load/v 8, v0x117b7c0_0, 4;
    %mov 12, 0, 2;
    %cmpi/u 8, 10, 6;
    %jmp/0xz  T_24.18, 4;
    %load/v 8, v0x117b5d0_0, 1;
    %inv 8, 1;
    %load/v 9, v0x117b4f0_0, 1;
    %inv 9, 1;
    %and 8, 9, 1;
    %jmp/0xz  T_24.20, 8;
    %ix/load 0, 1, 0;
    %assign/v0 v0x117b740_0, 0, 1;
    %load/v 8, v0x117b680_0, 8;
    %ix/load 0, 8, 0;
    %assign/v0 v0x117b3f0_0, 0, 8;
T_24.20 ;
T_24.18 ;
T_24.15 ;
T_24.9 ;
T_24.6 ;
T_24.5 ;
T_24.2 ;
T_24.1 ;
    %jmp T_24;
    .thread T_24;
    .scope S_0x117aa60;
T_25 ;
    %wait E_0x117ac50;
    %load/v 8, v0x117b470_0, 1;
    %mov 9, 0, 2;
    %cmpi/u 8, 1, 3;
    %jmp/0xz  T_25.0, 4;
    %ix/load 0, 1, 0;
    %assign/v0 v0x117bd40_0, 0, 1;
    %jmp T_25.1;
T_25.0 ;
    %ix/load 0, 1, 0;
    %assign/v0 v0x117bd40_0, 0, 0;
T_25.1 ;
    %jmp T_25;
    .thread T_25, $push;
    .scope S_0x117a660;
T_26 ;
    %set/v v0x117a930_0, 0, 32;
    %set/v v0x117a9e0_0, 0, 1;
    %end;
    .thread T_26;
    .scope S_0x117a660;
T_27 ;
    %wait E_0x114d660;
    %load/v 8, v0x117a930_0, 32;
    %cmpi/u 8, 0, 32;
    %jmp/0xz  T_27.0, 4;
    %ix/getv/s 1, v0x117a930_0;
    %jmp/1 T_27.2, 4;
    %load/x1p 8, v0x117a750_0, 1;
    %jmp T_27.3;
T_27.2 ;
    %mov 8, 2, 1;
T_27.3 ;
; Save base=8 wid=1 in lookaside.
    %jmp/0xz  T_27.4, 8;
    %load/v 8, v0x117a9e0_0, 1;
    %inv 8, 1;
    %ix/getv/s 0, v0x117a930_0;
    %jmp/1 t_1, 4;
    %set/x0 v0x117a810_0, 8, 1;
t_1 ;
    %jmp T_27.5;
T_27.4 ;
    %load/v 8, v0x117a9e0_0, 1;
    %ix/getv/s 0, v0x117a930_0;
    %jmp/1 t_2, 4;
    %set/x0 v0x117a810_0, 8, 1;
t_2 ;
T_27.5 ;
    %load/v 8, v0x117a930_0, 32;
    %mov 40, 39, 1;
    %addi 8, 1, 33;
    %ix/load 0, 32, 0;
    %assign/v0 v0x117a930_0, 0, 8;
    %jmp T_27.1;
T_27.0 ;
    %load/v 8, v0x117a930_0, 32;
   %cmpi/s 8, 8, 32;
    %jmp/0xz  T_27.6, 5;
    %ix/getv/s 1, v0x117a930_0;
    %jmp/1 T_27.8, 4;
    %load/x1p 8, v0x117a750_0, 1;
    %jmp T_27.9;
T_27.8 ;
    %mov 8, 2, 1;
T_27.9 ;
; Save base=8 wid=1 in lookaside.
    %jmp/0xz  T_27.10, 8;
    %load/v 8, v0x117a930_0, 32;
    %subi 8, 1, 32;
    %ix/get/s 1, 8, 32;
    %jmp/1 T_27.12, 4;
    %load/x1p 8, v0x117a810_0, 1;
    %jmp T_27.13;
T_27.12 ;
    %mov 8, 2, 1;
T_27.13 ;
; Save base=8 wid=1 in lookaside.
    %inv 8, 1;
    %ix/getv/s 1, v0x117a930_0;
    %jmp/1 t_3, 4;
    %ix/load 0, 1, 0;
    %assign/v0/x1 v0x117a810_0, 0, 8;
t_3 ;
    %jmp T_27.11;
T_27.10 ;
    %load/v 8, v0x117a930_0, 32;
    %subi 8, 1, 32;
    %ix/get/s 1, 8, 32;
    %jmp/1 T_27.14, 4;
    %load/x1p 8, v0x117a810_0, 1;
    %jmp T_27.15;
T_27.14 ;
    %mov 8, 2, 1;
T_27.15 ;
; Save base=8 wid=1 in lookaside.
    %ix/getv/s 1, v0x117a930_0;
    %jmp/1 t_4, 4;
    %ix/load 0, 1, 0;
    %assign/v0/x1 v0x117a810_0, 0, 8;
t_4 ;
T_27.11 ;
    %load/v 8, v0x117a930_0, 32;
    %mov 40, 39, 1;
    %addi 8, 1, 33;
    %ix/load 0, 32, 0;
    %assign/v0 v0x117a930_0, 0, 8;
    %jmp T_27.7;
T_27.6 ;
    %ix/load 0, 32, 0;
    %assign/v0 v0x117a930_0, 0, 0;
T_27.7 ;
T_27.1 ;
    %jmp T_27;
    .thread T_27;
    .scope S_0x1102810;
T_28 ;
    %set/v v0x117a350_0, 0, 32;
    %set/v v0x117a5c0_0, 0, 1;
    %set/v v0x1139d60_0, 0, 1;
    %end;
    .thread T_28;
    .scope S_0x1102810;
T_29 ;
    %wait E_0x11530a0;
    %set/v v0x117a5c0_0, 1, 1;
    %jmp T_29;
    .thread T_29;
    .scope S_0x1102810;
T_30 ;
    %wait E_0x114d660;
    %load/v 8, v0x117a5c0_0, 1;
    %mov 9, 0, 2;
    %cmpi/u 8, 1, 3;
    %jmp/0xz  T_30.0, 4;
    %load/v 8, v0x117a350_0, 32;
    %cmpi/u 8, 0, 32;
    %jmp/0xz  T_30.2, 4;
    %ix/getv/s 1, v0x117a350_0;
    %jmp/1 T_30.4, 4;
    %load/x1p 8, v0x117a4d0_0, 1;
    %jmp T_30.5;
T_30.4 ;
    %mov 8, 2, 1;
T_30.5 ;
; Save base=8 wid=1 in lookaside.
    %jmp/0xz  T_30.6, 8;
    %ix/getv/s 1, v0x117a350_0;
    %jmp/1 t_5, 4;
    %ix/load 0, 1, 0;
    %assign/v0/x1 v0x117a430_0, 0, 1;
t_5 ;
    %jmp T_30.7;
T_30.6 ;
    %ix/getv/s 1, v0x117a350_0;
    %jmp/1 t_6, 4;
    %ix/load 0, 1, 0;
    %assign/v0/x1 v0x117a430_0, 0, 0;
t_6 ;
T_30.7 ;
    %load/v 8, v0x117a350_0, 32;
    %mov 40, 39, 1;
    %addi 8, 1, 33;
    %ix/load 0, 32, 0;
    %assign/v0 v0x117a350_0, 0, 8;
    %set/v v0x1139d60_0, 0, 1;
    %jmp T_30.3;
T_30.2 ;
    %load/v 8, v0x117a350_0, 32;
   %cmpi/s 8, 8, 32;
    %jmp/0xz  T_30.8, 5;
    %ix/getv/s 1, v0x117a350_0;
    %jmp/1 T_30.10, 4;
    %load/x1p 8, v0x117a4d0_0, 1;
    %jmp T_30.11;
T_30.10 ;
    %mov 8, 2, 1;
T_30.11 ;
; Save base=8 wid=1 in lookaside.
    %load/v 9, v0x117a350_0, 32;
    %subi 9, 1, 32;
    %ix/get/s 1, 9, 32;
    %jmp/1 T_30.12, 4;
    %load/x1p 9, v0x117a4d0_0, 1;
    %jmp T_30.13;
T_30.12 ;
    %mov 9, 2, 1;
T_30.13 ;
; Save base=9 wid=1 in lookaside.
    %cmp/u 8, 9, 1;
    %inv 4, 1;
    %jmp/0xz  T_30.14, 4;
    %ix/getv/s 1, v0x117a350_0;
    %jmp/1 t_7, 4;
    %ix/load 0, 1, 0;
    %assign/v0/x1 v0x117a430_0, 0, 1;
t_7 ;
    %jmp T_30.15;
T_30.14 ;
    %ix/getv/s 1, v0x117a350_0;
    %jmp/1 t_8, 4;
    %ix/load 0, 1, 0;
    %assign/v0/x1 v0x117a430_0, 0, 0;
t_8 ;
T_30.15 ;
    %load/v 8, v0x117a350_0, 32;
    %mov 40, 39, 1;
    %addi 8, 1, 33;
    %ix/load 0, 32, 0;
    %assign/v0 v0x117a350_0, 0, 8;
    %jmp T_30.9;
T_30.8 ;
    %ix/load 0, 32, 0;
    %assign/v0 v0x117a350_0, 0, 0;
    %set/v v0x117a5c0_0, 0, 1;
    %set/v v0x1139d60_0, 1, 1;
T_30.9 ;
T_30.3 ;
T_30.0 ;
    %jmp T_30;
    .thread T_30;
    .scope S_0x1147960;
T_31 ;
    %movi 8, 41364, 16;
    %set/v v0x117c430_0, 8, 16;
    %set/v v0x1180450_0, 1, 3;
    %movi 8, 4, 3;
    %set/v v0x1180be0_0, 8, 3;
    %set/v v0x1180230_0, 1, 1;
    %set/v v0x117fdd0_0, 1, 1;
    %set/v v0x1180320_0, 1, 1;
    %ix/load 1, 8, 0;
    %mov 4, 0, 1;
    %jmp/1 T_31.0, 4;
    %load/x1p 8, v0x117c430_0, 8;
    %jmp T_31.1;
T_31.0 ;
    %mov 8, 2, 8;
T_31.1 ;
; Save base=8 wid=8 in lookaside.
    %set/v v0x11801b0_0, 8, 8;
    %set/v v0x1180a20_0, 0, 1;
    %delay 5, 0;
    %set/v v0x1180230_0, 0, 1;
    %end;
    .thread T_31;
    .scope S_0x1147960;
T_32 ;
    %vpi_call 2 102 "$dumpfile", "dump.vcd";
    %vpi_call 2 102 "$dumpvars";
    %end;
    .thread T_32;
    .scope S_0x1147960;
T_33 ;
T_33.0 ;
    %ix/load 0, 1, 0;
    %assign/v0 v0x1180590_0, 0, 1;
    %delay 10, 0;
    %ix/load 0, 1, 0;
    %assign/v0 v0x1180590_0, 0, 0;
    %delay 10, 0;
    %ix/load 0, 1, 0;
    %assign/v0 v0x1180590_0, 0, 1;
    %jmp T_33.0;
    %end;
    .thread T_33;
    .scope S_0x1147960;
T_34 ;
    %delay 40000, 0;
    %vpi_call 2 116 "$finish";
    %end;
    .thread T_34;
    .scope S_0x1147960;
T_35 ;
    %wait E_0x114baa0;
    %ix/load 0, 1, 0;
    %assign/v0 v0x117fdd0_0, 0, 0;
    %ix/load 0, 1, 0;
    %assign/v0 v0x1180320_0, 0, 0;
    %load/v 8, v0x117c430_0, 8; Only need 8 of 16 bits
; Save base=8 wid=8 in lookaside.
    %set/v v0x11801b0_0, 8, 8;
    %delay 10, 0;
    %ix/load 0, 1, 0;
    %assign/v0 v0x1180320_0, 0, 1;
    %ix/load 0, 1, 0;
    %assign/v0 v0x1180230_0, 0, 1;
    %ix/load 0, 1, 0;
    %assign/v0 v0x117fdd0_0, 0, 1;
    %delay 5, 0;
    %ix/load 0, 1, 0;
    %assign/v0 v0x1180230_0, 0, 0;
    %jmp T_35;
    .thread T_35;
    .scope S_0x1147960;
T_36 ;
    %wait E_0x1110a00;
    %ix/load 0, 1, 0;
    %assign/v0 v0x117fdd0_0, 0, 0;
    %ix/load 0, 1, 0;
    %assign/v0 v0x1180320_0, 0, 0;
    %jmp T_36;
    .thread T_36;
# The file index is used to find the file name in the following table.
:file_names 4;
    "N/A";
    "<interactive>";
    "testbench.sv";
    "design.sv";
