#! /usr/share/iverilog-0.9.7/bin/vvp
:ivl_version "0.9.7 " "(v0_9_6)";
:vpi_time_precision - 9;
:vpi_module "system";
:vpi_module "v2005_math";
:vpi_module "va_math";
S_0xe107f0 .scope module, "HWpart3" "HWpart3" 2 3;
 .timescale -9 -9;
v0xe7bf90_0 .net "AN0", 0 0, v0xe7a5d0_0; 1 drivers
v0xe7c040_0 .net "AN1", 0 0, v0xe7ac40_0; 1 drivers
v0xe7c0f0_0 .net "AN2", 0 0, v0xe7ace0_0; 1 drivers
v0xe7c1a0_0 .net "AN3", 0 0, v0xe7ad80_0; 1 drivers
v0xe7c280_0 .net "HEX0", 7 0, v0xe7be10_0; 1 drivers
v0xe7c300_0 .net "HEX1", 7 0, v0xe7bb70_0; 1 drivers
v0xe7c380_0 .net "HEX2", 7 0, v0xe7b8d0_0; 1 drivers
v0xe7c450_0 .net "HEX3", 7 0, v0xe7b630_0; 1 drivers
v0xe7c570_0 .net "Rx_DATA", 7 0, v0xe77df0_0; 1 drivers
v0xe7c640_0 .var "Rx_EN", 0 0;
v0xe7c6c0_0 .net "Rx_FERROR", 0 0, v0xe77f30_0; 1 drivers
v0xe7c740_0 .net "Rx_PERROR", 0 0, v0xe77fb0_0; 1 drivers
v0xe7c810_0 .net "Rx_VALID", 0 0, v0xe78130_0; 1 drivers
v0xe7c8e0_0 .net "TxD", 0 0, v0xe79100_0; 1 drivers
v0xe7ca30_0 .net "Tx_BUSY", 0 0, v0xe791a0_0; 1 drivers
v0xe7cab0_0 .var "Tx_Data", 7 0;
v0xe7c960_0 .var "Tx_EN", 0 0;
v0xe7cbc0_0 .var "Tx_WR", 0 0;
v0xe7cb30_0 .var "baud_select", 2 0;
v0xe7cd70_0 .var "clk", 0 0;
v0xe7cc40_0 .var "dataToSend", 15 0;
v0xe7cea0_0 .net "dispReady", 0 0, v0xe7a200_0; 1 drivers
v0xe7cdf0_0 .net "myChar0", 3 0, v0xe7a280_0; 1 drivers
v0xe7d030_0 .net "myChar1", 3 0, v0xe7a300_0; 1 drivers
v0xe7d180_0 .net "myChar2", 3 0, v0xe7a3a0_0; 1 drivers
v0xe7d200_0 .net "myChar3", 3 0, v0xe7a4b0_0; 1 drivers
v0xe7d100_0 .net "myHex", 7 0, v0xe7b2b0_0; 1 drivers
v0xe7d360_0 .var "reset", 0 0;
v0xe7d4d0_0 .net "setReady", 0 0, v0xe7a710_0; 1 drivers
v0xe7d550_0 .var "wrong_baud_select", 2 0;
E_0xe19df0 .event posedge, v0xe7a200_0;
E_0xe49450 .event posedge, v0xe7a710_0;
S_0xe7bcf0 .scope module, "disp0" "LEDcoder" 2 55, 3 436, S_0xe107f0;
 .timescale -9 -9;
v0xe7be10_0 .var "LED", 7 0;
v0xe7bee0_0 .alias "char", 3 0, v0xe7cdf0_0;
E_0xe7bde0 .event edge, v0xe7a280_0;
S_0xe7ba50 .scope module, "disp1" "LEDcoder" 2 56, 3 436, S_0xe107f0;
 .timescale -9 -9;
v0xe7bb70_0 .var "LED", 7 0;
v0xe7bc40_0 .alias "char", 3 0, v0xe7d030_0;
E_0xe7bb40 .event edge, v0xe7a300_0;
S_0xe7b7b0 .scope module, "disp2" "LEDcoder" 2 57, 3 436, S_0xe107f0;
 .timescale -9 -9;
v0xe7b8d0_0 .var "LED", 7 0;
v0xe7b9a0_0 .alias "char", 3 0, v0xe7d180_0;
E_0xe7b8a0 .event edge, v0xe7a3a0_0;
S_0xe7b4f0 .scope module, "disp3" "LEDcoder" 2 58, 3 436, S_0xe107f0;
 .timescale -9 -9;
v0xe7b630_0 .var "LED", 7 0;
v0xe7b700_0 .alias "char", 3 0, v0xe7d200_0;
E_0xe7b5e0 .event edge, v0xe7a4b0_0;
S_0xe7a840 .scope module, "Uo" "anodoi" 2 59, 3 467, S_0xe107f0;
 .timescale -9 -9;
P_0xe7a938 .param/l "w_closed" 3 481, C4<100>;
P_0xe7a960 .param/l "w_openAN0" 3 485, C4<000>;
P_0xe7a988 .param/l "w_openAN1" 3 484, C4<001>;
P_0xe7a9b0 .param/l "w_openAN2" 3 483, C4<010>;
P_0xe7a9d8 .param/l "w_openAN3" 3 482, C4<011>;
v0xe7a5d0_0 .var "AN0", 0 0;
v0xe7ac40_0 .var "AN1", 0 0;
v0xe7ace0_0 .var "AN2", 0 0;
v0xe7ad80_0 .var "AN3", 0 0;
v0xe7ae30_0 .alias "HEX0", 7 0, v0xe7c280_0;
v0xe7aed0_0 .alias "HEX1", 7 0, v0xe7c300_0;
v0xe7afb0_0 .alias "HEX2", 7 0, v0xe7c380_0;
v0xe7b050_0 .alias "HEX3", 7 0, v0xe7c450_0;
v0xe7b0f0_0 .net "clk", 0 0, v0xe7cd70_0; 1 drivers
v0xe7b170_0 .var "current_state", 2 0;
v0xe7b210_0 .var/i "cycles", 31 0;
v0xe7b2b0_0 .var "myHex", 7 0;
v0xe7b350_0 .var "next_state", 2 0;
v0xe7b3f0_0 .alias "readyAnodes", 0 0, v0xe7cea0_0;
E_0xe79ed0 .event edge, v0xe7a5d0_0, v0xe7ac40_0, v0xe7ace0_0, v0xe7ad80_0;
S_0xe79930 .scope module, "mess" "messageDisp" 2 61, 3 343, S_0xe107f0;
 .timescale -9 -9;
P_0xe79a28 .param/l "w_idle" 3 361, C4<00>;
P_0xe79a50 .param/l "w_set1" 3 362, C4<01>;
P_0xe79a78 .param/l "w_set2" 3 363, C4<10>;
v0xe79c20_0 .alias "Rx_DATA", 7 0, v0xe7c570_0;
v0xe79cf0_0 .alias "Rx_FERROR", 0 0, v0xe7c6c0_0;
v0xe79da0_0 .alias "Rx_PERROR", 0 0, v0xe7c740_0;
v0xe79e50_0 .alias "Rx_VALID", 0 0, v0xe7c810_0;
v0xe79f30_0 .var "Valid1", 0 0;
v0xe79fb0_0 .var "Valid2", 0 0;
v0xe7a070_0 .alias "clk", 0 0, v0xe7b0f0_0;
v0xe7a180_0 .var "current_state", 1 0;
v0xe7a200_0 .var "dispReady", 0 0;
v0xe7a280_0 .var "myChar0", 3 0;
v0xe7a300_0 .var "myChar1", 3 0;
v0xe7a3a0_0 .var "myChar2", 3 0;
v0xe7a4b0_0 .var "myChar3", 3 0;
v0xe7a550_0 .var "next_state", 1 0;
v0xe7a670_0 .var "set", 0 0;
v0xe7a710_0 .var "setReady", 0 0;
E_0xe785b0 .event edge, v0xe7a670_0;
E_0xe79bd0 .event posedge, v0xe77fb0_0, v0xe77f30_0, v0xe78130_0;
S_0xe78950 .scope module, "Ut" "uart_transimitter" 2 80, 3 57, S_0xe107f0;
 .timescale -9 -9;
P_0xe783e8 .param/l "tx_off" 3 76, C4<0>;
P_0xe78410 .param/l "tx_on" 3 75, C4<1>;
v0xe79100_0 .var "TxD", 0 0;
v0xe791a0_0 .var "Tx_BUSY", 0 0;
v0xe79220_0 .net "Tx_Data", 7 0, v0xe7cab0_0; 1 drivers
v0xe792c0_0 .net "Tx_EN", 0 0, v0xe7c960_0; 1 drivers
v0xe79340_0 .net "Tx_WR", 0 0, v0xe7cbc0_0; 1 drivers
v0xe793e0_0 .net "Tx_sample_ENABLE", 0 0, v0xe79020_0; 1 drivers
v0xe794a0_0 .net "baud_select", 2 0, v0xe7cb30_0; 1 drivers
v0xe79520_0 .alias "clk", 0 0, v0xe7b0f0_0;
v0xe795f0_0 .var "current_state", 0 0;
v0xe79670_0 .var "next_state", 0 0;
v0xe79770_0 .var "parity_bit", 0 0;
v0xe79810_0 .net "reset", 0 0, v0xe7d360_0; 1 drivers
v0xe79890_0 .var "tx_counter", 3 0;
E_0xe78ae0 .event edge, v0xe792c0_0;
E_0xe78b30 .event posedge, v0xe79020_0;
E_0xe78b80 .event posedge, v0xe79340_0;
S_0xe78bd0 .scope module, "baud_controller_tx_instance" "baud_controller" 3 80, 3 3, S_0xe78950;
 .timescale -9 -9;
v0xe78cc0_0 .var "baudCounter", 15 0;
v0xe78d80_0 .alias "baud_select", 2 0, v0xe794a0_0;
v0xe78e00_0 .alias "clk", 0 0, v0xe7b0f0_0;
v0xe78ed0_0 .var "divisor", 15 0;
v0xe78f50_0 .alias "reset", 0 0, v0xe79810_0;
v0xe79020_0 .var "sample_ENABLE", 0 0;
S_0xe10f10 .scope module, "Ur" "uart_receiver" 2 82, 3 172, S_0xe107f0;
 .timescale -9 -9;
P_0xe1b6f8 .param/l "rx_off" 3 197, C4<0>;
P_0xe1b720 .param/l "rx_on" 3 196, C4<1>;
v0xe77d30_0 .alias "RxD", 0 0, v0xe7c8e0_0;
v0xe77df0_0 .var "Rx_DATA", 7 0;
v0xe77e90_0 .net "Rx_EN", 0 0, v0xe7c640_0; 1 drivers
v0xe77f30_0 .var "Rx_FERROR", 0 0;
v0xe77fb0_0 .var "Rx_PERROR", 0 0;
v0xe78050_0 .var "Rx_POS_DATA", 7 0;
v0xe78130_0 .var "Rx_VALID", 0 0;
v0xe781d0_0 .var "Rx_counter", 3 0;
v0xe782c0_0 .var "Rx_parity_bit", 0 0;
v0xe78360_0 .net "Rx_sample_ENABLE", 0 0, v0xe77c50_0; 1 drivers
v0xe78440_0 .var "Tx_parity_bit", 0 0;
v0xe784c0_0 .alias "baud_select", 2 0, v0xe794a0_0;
v0xe785e0_0 .alias "clk", 0 0, v0xe7b0f0_0;
v0xe78690_0 .var "current_state", 0 0;
v0xe78790_0 .var "next_state", 0 0;
v0xe78810_0 .alias "reset", 0 0, v0xe79810_0;
v0xe78710_0 .var "state", 0 0;
E_0xe4d0e0 .event edge, v0xe77e90_0;
E_0xe4de80 .event negedge, v0xe77c50_0;
E_0xe1c520 .event posedge, v0xe77e90_0;
E_0xe0cc80 .event negedge, v0xe77d30_0;
S_0xe126e0 .scope module, "baud_controller_rx_instance" "baud_controller" 3 199, 3 3, S_0xe10f10;
 .timescale -9 -9;
v0xe218c0_0 .var "baudCounter", 15 0;
v0xe779c0_0 .alias "baud_select", 2 0, v0xe794a0_0;
v0xe77a60_0 .alias "clk", 0 0, v0xe7b0f0_0;
v0xe77b00_0 .var "divisor", 15 0;
v0xe77bb0_0 .alias "reset", 0 0, v0xe79810_0;
v0xe77c50_0 .var "sample_ENABLE", 0 0;
E_0xe11000 .event posedge, v0xe77a60_0;
E_0xe127d0 .event edge, v0xe779c0_0;
    .scope S_0xe7bcf0;
T_0 ;
    %wait E_0xe7bde0;
    %load/v 8, v0xe7bee0_0, 4;
    %cmpi/u 8, 0, 4;
    %jmp/1 T_0.0, 6;
    %cmpi/u 8, 1, 4;
    %jmp/1 T_0.1, 6;
    %cmpi/u 8, 2, 4;
    %jmp/1 T_0.2, 6;
    %cmpi/u 8, 3, 4;
    %jmp/1 T_0.3, 6;
    %cmpi/u 8, 4, 4;
    %jmp/1 T_0.4, 6;
    %cmpi/u 8, 5, 4;
    %jmp/1 T_0.5, 6;
    %cmpi/u 8, 6, 4;
    %jmp/1 T_0.6, 6;
    %cmpi/u 8, 7, 4;
    %jmp/1 T_0.7, 6;
    %cmpi/u 8, 8, 4;
    %jmp/1 T_0.8, 6;
    %cmpi/u 8, 9, 4;
    %jmp/1 T_0.9, 6;
    %cmpi/u 8, 10, 4;
    %jmp/1 T_0.10, 6;
    %cmpi/u 8, 11, 4;
    %jmp/1 T_0.11, 6;
    %cmpi/u 8, 12, 4;
    %jmp/1 T_0.12, 6;
    %jmp T_0.13;
T_0.0 ;
    %movi 8, 3, 8;
    %ix/load 0, 8, 0;
    %assign/v0 v0xe7be10_0, 0, 8;
    %jmp T_0.13;
T_0.1 ;
    %movi 8, 159, 8;
    %ix/load 0, 8, 0;
    %assign/v0 v0xe7be10_0, 0, 8;
    %jmp T_0.13;
T_0.2 ;
    %movi 8, 37, 8;
    %ix/load 0, 8, 0;
    %assign/v0 v0xe7be10_0, 0, 8;
    %jmp T_0.13;
T_0.3 ;
    %movi 8, 13, 8;
    %ix/load 0, 8, 0;
    %assign/v0 v0xe7be10_0, 0, 8;
    %jmp T_0.13;
T_0.4 ;
    %movi 8, 153, 8;
    %ix/load 0, 8, 0;
    %assign/v0 v0xe7be10_0, 0, 8;
    %jmp T_0.13;
T_0.5 ;
    %movi 8, 73, 8;
    %ix/load 0, 8, 0;
    %assign/v0 v0xe7be10_0, 0, 8;
    %jmp T_0.13;
T_0.6 ;
    %movi 8, 65, 8;
    %ix/load 0, 8, 0;
    %assign/v0 v0xe7be10_0, 0, 8;
    %jmp T_0.13;
T_0.7 ;
    %movi 8, 31, 8;
    %ix/load 0, 8, 0;
    %assign/v0 v0xe7be10_0, 0, 8;
    %jmp T_0.13;
T_0.8 ;
    %movi 8, 1, 8;
    %ix/load 0, 8, 0;
    %assign/v0 v0xe7be10_0, 0, 8;
    %jmp T_0.13;
T_0.9 ;
    %movi 8, 9, 8;
    %ix/load 0, 8, 0;
    %assign/v0 v0xe7be10_0, 0, 8;
    %jmp T_0.13;
T_0.10 ;
    %movi 8, 253, 8;
    %ix/load 0, 8, 0;
    %assign/v0 v0xe7be10_0, 0, 8;
    %jmp T_0.13;
T_0.11 ;
    %movi 8, 113, 8;
    %ix/load 0, 8, 0;
    %assign/v0 v0xe7be10_0, 0, 8;
    %jmp T_0.13;
T_0.12 ;
    %ix/load 0, 8, 0;
    %assign/v0 v0xe7be10_0, 0, 1;
    %jmp T_0.13;
T_0.13 ;
    %jmp T_0;
    .thread T_0, $push;
    .scope S_0xe7ba50;
T_1 ;
    %wait E_0xe7bb40;
    %load/v 8, v0xe7bc40_0, 4;
    %cmpi/u 8, 0, 4;
    %jmp/1 T_1.0, 6;
    %cmpi/u 8, 1, 4;
    %jmp/1 T_1.1, 6;
    %cmpi/u 8, 2, 4;
    %jmp/1 T_1.2, 6;
    %cmpi/u 8, 3, 4;
    %jmp/1 T_1.3, 6;
    %cmpi/u 8, 4, 4;
    %jmp/1 T_1.4, 6;
    %cmpi/u 8, 5, 4;
    %jmp/1 T_1.5, 6;
    %cmpi/u 8, 6, 4;
    %jmp/1 T_1.6, 6;
    %cmpi/u 8, 7, 4;
    %jmp/1 T_1.7, 6;
    %cmpi/u 8, 8, 4;
    %jmp/1 T_1.8, 6;
    %cmpi/u 8, 9, 4;
    %jmp/1 T_1.9, 6;
    %cmpi/u 8, 10, 4;
    %jmp/1 T_1.10, 6;
    %cmpi/u 8, 11, 4;
    %jmp/1 T_1.11, 6;
    %cmpi/u 8, 12, 4;
    %jmp/1 T_1.12, 6;
    %jmp T_1.13;
T_1.0 ;
    %movi 8, 3, 8;
    %ix/load 0, 8, 0;
    %assign/v0 v0xe7bb70_0, 0, 8;
    %jmp T_1.13;
T_1.1 ;
    %movi 8, 159, 8;
    %ix/load 0, 8, 0;
    %assign/v0 v0xe7bb70_0, 0, 8;
    %jmp T_1.13;
T_1.2 ;
    %movi 8, 37, 8;
    %ix/load 0, 8, 0;
    %assign/v0 v0xe7bb70_0, 0, 8;
    %jmp T_1.13;
T_1.3 ;
    %movi 8, 13, 8;
    %ix/load 0, 8, 0;
    %assign/v0 v0xe7bb70_0, 0, 8;
    %jmp T_1.13;
T_1.4 ;
    %movi 8, 153, 8;
    %ix/load 0, 8, 0;
    %assign/v0 v0xe7bb70_0, 0, 8;
    %jmp T_1.13;
T_1.5 ;
    %movi 8, 73, 8;
    %ix/load 0, 8, 0;
    %assign/v0 v0xe7bb70_0, 0, 8;
    %jmp T_1.13;
T_1.6 ;
    %movi 8, 65, 8;
    %ix/load 0, 8, 0;
    %assign/v0 v0xe7bb70_0, 0, 8;
    %jmp T_1.13;
T_1.7 ;
    %movi 8, 31, 8;
    %ix/load 0, 8, 0;
    %assign/v0 v0xe7bb70_0, 0, 8;
    %jmp T_1.13;
T_1.8 ;
    %movi 8, 1, 8;
    %ix/load 0, 8, 0;
    %assign/v0 v0xe7bb70_0, 0, 8;
    %jmp T_1.13;
T_1.9 ;
    %movi 8, 9, 8;
    %ix/load 0, 8, 0;
    %assign/v0 v0xe7bb70_0, 0, 8;
    %jmp T_1.13;
T_1.10 ;
    %movi 8, 253, 8;
    %ix/load 0, 8, 0;
    %assign/v0 v0xe7bb70_0, 0, 8;
    %jmp T_1.13;
T_1.11 ;
    %movi 8, 113, 8;
    %ix/load 0, 8, 0;
    %assign/v0 v0xe7bb70_0, 0, 8;
    %jmp T_1.13;
T_1.12 ;
    %ix/load 0, 8, 0;
    %assign/v0 v0xe7bb70_0, 0, 1;
    %jmp T_1.13;
T_1.13 ;
    %jmp T_1;
    .thread T_1, $push;
    .scope S_0xe7b7b0;
T_2 ;
    %wait E_0xe7b8a0;
    %load/v 8, v0xe7b9a0_0, 4;
    %cmpi/u 8, 0, 4;
    %jmp/1 T_2.0, 6;
    %cmpi/u 8, 1, 4;
    %jmp/1 T_2.1, 6;
    %cmpi/u 8, 2, 4;
    %jmp/1 T_2.2, 6;
    %cmpi/u 8, 3, 4;
    %jmp/1 T_2.3, 6;
    %cmpi/u 8, 4, 4;
    %jmp/1 T_2.4, 6;
    %cmpi/u 8, 5, 4;
    %jmp/1 T_2.5, 6;
    %cmpi/u 8, 6, 4;
    %jmp/1 T_2.6, 6;
    %cmpi/u 8, 7, 4;
    %jmp/1 T_2.7, 6;
    %cmpi/u 8, 8, 4;
    %jmp/1 T_2.8, 6;
    %cmpi/u 8, 9, 4;
    %jmp/1 T_2.9, 6;
    %cmpi/u 8, 10, 4;
    %jmp/1 T_2.10, 6;
    %cmpi/u 8, 11, 4;
    %jmp/1 T_2.11, 6;
    %cmpi/u 8, 12, 4;
    %jmp/1 T_2.12, 6;
    %jmp T_2.13;
T_2.0 ;
    %movi 8, 3, 8;
    %ix/load 0, 8, 0;
    %assign/v0 v0xe7b8d0_0, 0, 8;
    %jmp T_2.13;
T_2.1 ;
    %movi 8, 159, 8;
    %ix/load 0, 8, 0;
    %assign/v0 v0xe7b8d0_0, 0, 8;
    %jmp T_2.13;
T_2.2 ;
    %movi 8, 37, 8;
    %ix/load 0, 8, 0;
    %assign/v0 v0xe7b8d0_0, 0, 8;
    %jmp T_2.13;
T_2.3 ;
    %movi 8, 13, 8;
    %ix/load 0, 8, 0;
    %assign/v0 v0xe7b8d0_0, 0, 8;
    %jmp T_2.13;
T_2.4 ;
    %movi 8, 153, 8;
    %ix/load 0, 8, 0;
    %assign/v0 v0xe7b8d0_0, 0, 8;
    %jmp T_2.13;
T_2.5 ;
    %movi 8, 73, 8;
    %ix/load 0, 8, 0;
    %assign/v0 v0xe7b8d0_0, 0, 8;
    %jmp T_2.13;
T_2.6 ;
    %movi 8, 65, 8;
    %ix/load 0, 8, 0;
    %assign/v0 v0xe7b8d0_0, 0, 8;
    %jmp T_2.13;
T_2.7 ;
    %movi 8, 31, 8;
    %ix/load 0, 8, 0;
    %assign/v0 v0xe7b8d0_0, 0, 8;
    %jmp T_2.13;
T_2.8 ;
    %movi 8, 1, 8;
    %ix/load 0, 8, 0;
    %assign/v0 v0xe7b8d0_0, 0, 8;
    %jmp T_2.13;
T_2.9 ;
    %movi 8, 9, 8;
    %ix/load 0, 8, 0;
    %assign/v0 v0xe7b8d0_0, 0, 8;
    %jmp T_2.13;
T_2.10 ;
    %movi 8, 253, 8;
    %ix/load 0, 8, 0;
    %assign/v0 v0xe7b8d0_0, 0, 8;
    %jmp T_2.13;
T_2.11 ;
    %movi 8, 113, 8;
    %ix/load 0, 8, 0;
    %assign/v0 v0xe7b8d0_0, 0, 8;
    %jmp T_2.13;
T_2.12 ;
    %ix/load 0, 8, 0;
    %assign/v0 v0xe7b8d0_0, 0, 1;
    %jmp T_2.13;
T_2.13 ;
    %jmp T_2;
    .thread T_2, $push;
    .scope S_0xe7b4f0;
T_3 ;
    %wait E_0xe7b5e0;
    %load/v 8, v0xe7b700_0, 4;
    %cmpi/u 8, 0, 4;
    %jmp/1 T_3.0, 6;
    %cmpi/u 8, 1, 4;
    %jmp/1 T_3.1, 6;
    %cmpi/u 8, 2, 4;
    %jmp/1 T_3.2, 6;
    %cmpi/u 8, 3, 4;
    %jmp/1 T_3.3, 6;
    %cmpi/u 8, 4, 4;
    %jmp/1 T_3.4, 6;
    %cmpi/u 8, 5, 4;
    %jmp/1 T_3.5, 6;
    %cmpi/u 8, 6, 4;
    %jmp/1 T_3.6, 6;
    %cmpi/u 8, 7, 4;
    %jmp/1 T_3.7, 6;
    %cmpi/u 8, 8, 4;
    %jmp/1 T_3.8, 6;
    %cmpi/u 8, 9, 4;
    %jmp/1 T_3.9, 6;
    %cmpi/u 8, 10, 4;
    %jmp/1 T_3.10, 6;
    %cmpi/u 8, 11, 4;
    %jmp/1 T_3.11, 6;
    %cmpi/u 8, 12, 4;
    %jmp/1 T_3.12, 6;
    %jmp T_3.13;
T_3.0 ;
    %movi 8, 3, 8;
    %ix/load 0, 8, 0;
    %assign/v0 v0xe7b630_0, 0, 8;
    %jmp T_3.13;
T_3.1 ;
    %movi 8, 159, 8;
    %ix/load 0, 8, 0;
    %assign/v0 v0xe7b630_0, 0, 8;
    %jmp T_3.13;
T_3.2 ;
    %movi 8, 37, 8;
    %ix/load 0, 8, 0;
    %assign/v0 v0xe7b630_0, 0, 8;
    %jmp T_3.13;
T_3.3 ;
    %movi 8, 13, 8;
    %ix/load 0, 8, 0;
    %assign/v0 v0xe7b630_0, 0, 8;
    %jmp T_3.13;
T_3.4 ;
    %movi 8, 153, 8;
    %ix/load 0, 8, 0;
    %assign/v0 v0xe7b630_0, 0, 8;
    %jmp T_3.13;
T_3.5 ;
    %movi 8, 73, 8;
    %ix/load 0, 8, 0;
    %assign/v0 v0xe7b630_0, 0, 8;
    %jmp T_3.13;
T_3.6 ;
    %movi 8, 65, 8;
    %ix/load 0, 8, 0;
    %assign/v0 v0xe7b630_0, 0, 8;
    %jmp T_3.13;
T_3.7 ;
    %movi 8, 31, 8;
    %ix/load 0, 8, 0;
    %assign/v0 v0xe7b630_0, 0, 8;
    %jmp T_3.13;
T_3.8 ;
    %movi 8, 1, 8;
    %ix/load 0, 8, 0;
    %assign/v0 v0xe7b630_0, 0, 8;
    %jmp T_3.13;
T_3.9 ;
    %movi 8, 9, 8;
    %ix/load 0, 8, 0;
    %assign/v0 v0xe7b630_0, 0, 8;
    %jmp T_3.13;
T_3.10 ;
    %movi 8, 253, 8;
    %ix/load 0, 8, 0;
    %assign/v0 v0xe7b630_0, 0, 8;
    %jmp T_3.13;
T_3.11 ;
    %movi 8, 113, 8;
    %ix/load 0, 8, 0;
    %assign/v0 v0xe7b630_0, 0, 8;
    %jmp T_3.13;
T_3.12 ;
    %ix/load 0, 8, 0;
    %assign/v0 v0xe7b630_0, 0, 1;
    %jmp T_3.13;
T_3.13 ;
    %jmp T_3;
    .thread T_3, $push;
    .scope S_0xe7a840;
T_4 ;
    %set/v v0xe7a5d0_0, 1, 1;
    %set/v v0xe7ac40_0, 1, 1;
    %set/v v0xe7ace0_0, 1, 1;
    %set/v v0xe7ad80_0, 1, 1;
    %set/v v0xe7b2b0_0, 0, 8;
    %movi 8, 15, 32;
    %set/v v0xe7b210_0, 8, 32;
    %movi 8, 4, 3;
    %set/v v0xe7b170_0, 8, 3;
    %movi 8, 4, 3;
    %set/v v0xe7b350_0, 8, 3;
    %end;
    .thread T_4;
    .scope S_0xe7a840;
T_5 ;
    %wait E_0xe11000;
    %load/v 8, v0xe7b350_0, 3;
    %set/v v0xe7b170_0, 8, 3;
    %load/v 8, v0xe7b3f0_0, 1;
    %jmp/0xz  T_5.0, 8;
    %load/v 8, v0xe7b210_0, 32;
    %cmpi/u 8, 15, 32;
    %jmp/0xz  T_5.2, 4;
    %set/v v0xe7b210_0, 0, 32;
    %jmp T_5.3;
T_5.2 ;
    %load/v 8, v0xe7b210_0, 32;
    %mov 40, 39, 1;
    %addi 8, 1, 33;
    %set/v v0xe7b210_0, 8, 32;
T_5.3 ;
    %load/v 8, v0xe7b210_0, 32;
    %cmpi/u 8, 2, 32;
    %jmp/1 T_5.4, 6;
    %cmpi/u 8, 3, 32;
    %jmp/1 T_5.5, 6;
    %cmpi/u 8, 6, 32;
    %jmp/1 T_5.6, 6;
    %cmpi/u 8, 7, 32;
    %jmp/1 T_5.7, 6;
    %cmpi/u 8, 10, 32;
    %jmp/1 T_5.8, 6;
    %cmpi/u 8, 11, 32;
    %jmp/1 T_5.9, 6;
    %cmpi/u 8, 14, 32;
    %jmp/1 T_5.10, 6;
    %cmpi/u 8, 15, 32;
    %jmp/1 T_5.11, 6;
    %cmpi/u 8, 0, 32;
    %jmp/1 T_5.12, 6;
    %cmpi/u 8, 4, 32;
    %jmp/1 T_5.13, 6;
    %cmpi/u 8, 8, 32;
    %jmp/1 T_5.14, 6;
    %cmpi/u 8, 12, 32;
    %jmp/1 T_5.15, 6;
    %jmp T_5.16;
T_5.4 ;
    %set/v v0xe7ad80_0, 0, 1;
    %jmp T_5.16;
T_5.5 ;
    %set/v v0xe7ad80_0, 1, 1;
    %jmp T_5.16;
T_5.6 ;
    %set/v v0xe7ace0_0, 0, 1;
    %jmp T_5.16;
T_5.7 ;
    %set/v v0xe7ace0_0, 1, 1;
    %jmp T_5.16;
T_5.8 ;
    %set/v v0xe7ac40_0, 0, 1;
    %jmp T_5.16;
T_5.9 ;
    %set/v v0xe7ac40_0, 1, 1;
    %jmp T_5.16;
T_5.10 ;
    %set/v v0xe7a5d0_0, 0, 1;
    %jmp T_5.16;
T_5.11 ;
    %set/v v0xe7a5d0_0, 1, 1;
    %jmp T_5.16;
T_5.12 ;
    %load/v 8, v0xe7b050_0, 8;
    %set/v v0xe7b2b0_0, 8, 8;
    %jmp T_5.16;
T_5.13 ;
    %load/v 8, v0xe7afb0_0, 8;
    %set/v v0xe7b2b0_0, 8, 8;
    %jmp T_5.16;
T_5.14 ;
    %load/v 8, v0xe7aed0_0, 8;
    %set/v v0xe7b2b0_0, 8, 8;
    %jmp T_5.16;
T_5.15 ;
    %load/v 8, v0xe7ae30_0, 8;
    %set/v v0xe7b2b0_0, 8, 8;
    %jmp T_5.16;
T_5.16 ;
T_5.0 ;
    %jmp T_5;
    .thread T_5;
    .scope S_0xe7a840;
T_6 ;
    %wait E_0xe79ed0;
    %load/v 8, v0xe7ad80_0, 1;
    %mov 9, 0, 1;
    %cmpi/u 8, 0, 2;
    %jmp/0xz  T_6.0, 4;
    %movi 8, 3, 3;
    %set/v v0xe7b350_0, 8, 3;
    %jmp T_6.1;
T_6.0 ;
    %load/v 8, v0xe7ace0_0, 1;
    %mov 9, 0, 1;
    %cmpi/u 8, 0, 2;
    %jmp/0xz  T_6.2, 4;
    %movi 8, 2, 3;
    %set/v v0xe7b350_0, 8, 3;
    %jmp T_6.3;
T_6.2 ;
    %load/v 8, v0xe7ac40_0, 1;
    %mov 9, 0, 1;
    %cmpi/u 8, 0, 2;
    %jmp/0xz  T_6.4, 4;
    %movi 8, 1, 3;
    %set/v v0xe7b350_0, 8, 3;
    %jmp T_6.5;
T_6.4 ;
    %load/v 8, v0xe7a5d0_0, 1;
    %mov 9, 0, 1;
    %cmpi/u 8, 0, 2;
    %jmp/0xz  T_6.6, 4;
    %set/v v0xe7b350_0, 0, 3;
    %jmp T_6.7;
T_6.6 ;
    %movi 8, 4, 3;
    %set/v v0xe7b350_0, 8, 3;
T_6.7 ;
T_6.5 ;
T_6.3 ;
T_6.1 ;
    %jmp T_6;
    .thread T_6, $push;
    .scope S_0xe79930;
T_7 ;
    %set/v v0xe7a200_0, 0, 1;
    %set/v v0xe7a710_0, 0, 1;
    %set/v v0xe7a670_0, 0, 1;
    %set/v v0xe79f30_0, 0, 1;
    %set/v v0xe79fb0_0, 0, 1;
    %set/v v0xe7a180_0, 0, 2;
    %set/v v0xe7a550_0, 0, 2;
    %end;
    .thread T_7;
    .scope S_0xe79930;
T_8 ;
    %wait E_0xe11000;
    %load/v 8, v0xe7a550_0, 2;
    %set/v v0xe7a180_0, 8, 2;
    %jmp T_8;
    .thread T_8;
    .scope S_0xe79930;
T_9 ;
    %wait E_0xe79bd0;
    %load/v 8, v0xe7a670_0, 1;
    %mov 9, 0, 1;
    %cmpi/u 8, 0, 2;
    %jmp/0xz  T_9.0, 4;
    %load/v 8, v0xe79e50_0, 1;
    %set/v v0xe79f30_0, 8, 1;
    %ix/load 1, 4, 0;
    %mov 4, 0, 1;
    %jmp/1 T_9.2, 4;
    %load/x1p 8, v0xe79c20_0, 4;
    %jmp T_9.3;
T_9.2 ;
    %mov 8, 2, 4;
T_9.3 ;
; Save base=8 wid=4 in lookaside.
    %set/v v0xe7a4b0_0, 8, 4;
    %load/v 8, v0xe79c20_0, 4; Only need 4 of 8 bits
; Save base=8 wid=4 in lookaside.
    %set/v v0xe7a3a0_0, 8, 4;
    %set/v v0xe7a710_0, 1, 1;
    %set/v v0xe7a200_0, 0, 1;
    %set/v v0xe7a670_0, 1, 1;
    %jmp T_9.1;
T_9.0 ;
    %load/v 8, v0xe79e50_0, 1;
    %set/v v0xe79fb0_0, 8, 1;
    %ix/load 1, 4, 0;
    %mov 4, 0, 1;
    %jmp/1 T_9.4, 4;
    %load/x1p 8, v0xe79c20_0, 4;
    %jmp T_9.5;
T_9.4 ;
    %mov 8, 2, 4;
T_9.5 ;
; Save base=8 wid=4 in lookaside.
    %set/v v0xe7a300_0, 8, 4;
    %load/v 8, v0xe79c20_0, 4; Only need 4 of 8 bits
; Save base=8 wid=4 in lookaside.
    %set/v v0xe7a280_0, 8, 4;
    %load/v 8, v0xe79f30_0, 1;
    %mov 9, 0, 1;
    %cmpi/u 8, 0, 2;
    %mov 8, 4, 1;
    %load/v 9, v0xe79fb0_0, 1;
    %mov 10, 0, 1;
    %cmpi/u 9, 0, 2;
    %or 8, 4, 1;
    %jmp/0xz  T_9.6, 8;
    %movi 8, 11, 4;
    %set/v v0xe7a280_0, 8, 4;
    %movi 8, 11, 4;
    %set/v v0xe7a300_0, 8, 4;
    %movi 8, 11, 4;
    %set/v v0xe7a3a0_0, 8, 4;
    %movi 8, 11, 4;
    %set/v v0xe7a4b0_0, 8, 4;
T_9.6 ;
    %set/v v0xe7a200_0, 1, 1;
    %set/v v0xe7a710_0, 0, 1;
    %set/v v0xe7a670_0, 0, 1;
T_9.1 ;
    %jmp T_9;
    .thread T_9;
    .scope S_0xe79930;
T_10 ;
    %wait E_0xe785b0;
    %load/v 8, v0xe7a670_0, 1;
    %mov 9, 0, 1;
    %cmpi/u 8, 0, 2;
    %jmp/0xz  T_10.0, 4;
    %movi 8, 1, 2;
    %set/v v0xe7a550_0, 8, 2;
    %jmp T_10.1;
T_10.0 ;
    %movi 8, 2, 2;
    %set/v v0xe7a550_0, 8, 2;
T_10.1 ;
    %jmp T_10;
    .thread T_10, $push;
    .scope S_0xe78bd0;
T_11 ;
    %ix/load 0, 16, 0;
    %assign/v0 v0xe78cc0_0, 0, 0;
    %ix/load 0, 1, 0;
    %assign/v0 v0xe79020_0, 0, 0;
    %end;
    .thread T_11;
    .scope S_0xe78bd0;
T_12 ;
    %wait E_0xe127d0;
    %load/v 8, v0xe78d80_0, 3;
    %cmpi/u 8, 0, 3;
    %jmp/1 T_12.0, 6;
    %cmpi/u 8, 1, 3;
    %jmp/1 T_12.1, 6;
    %cmpi/u 8, 2, 3;
    %jmp/1 T_12.2, 6;
    %cmpi/u 8, 3, 3;
    %jmp/1 T_12.3, 6;
    %cmpi/u 8, 4, 3;
    %jmp/1 T_12.4, 6;
    %cmpi/u 8, 5, 3;
    %jmp/1 T_12.5, 6;
    %cmpi/u 8, 6, 3;
    %jmp/1 T_12.6, 6;
    %cmpi/u 8, 7, 3;
    %jmp/1 T_12.7, 6;
    %jmp T_12.8;
T_12.0 ;
    %movi 8, 10417, 16;
    %set/v v0xe78ed0_0, 8, 16;
    %jmp T_12.8;
T_12.1 ;
    %movi 8, 2604, 16;
    %set/v v0xe78ed0_0, 8, 16;
    %jmp T_12.8;
T_12.2 ;
    %movi 8, 651, 16;
    %set/v v0xe78ed0_0, 8, 16;
    %jmp T_12.8;
T_12.3 ;
    %movi 8, 326, 16;
    %set/v v0xe78ed0_0, 8, 16;
    %jmp T_12.8;
T_12.4 ;
    %movi 8, 163, 16;
    %set/v v0xe78ed0_0, 8, 16;
    %jmp T_12.8;
T_12.5 ;
    %movi 8, 81, 16;
    %set/v v0xe78ed0_0, 8, 16;
    %jmp T_12.8;
T_12.6 ;
    %movi 8, 54, 16;
    %set/v v0xe78ed0_0, 8, 16;
    %jmp T_12.8;
T_12.7 ;
    %movi 8, 27, 16;
    %set/v v0xe78ed0_0, 8, 16;
    %jmp T_12.8;
T_12.8 ;
    %jmp T_12;
    .thread T_12, $push;
    .scope S_0xe78bd0;
T_13 ;
    %wait E_0xe11000;
    %load/v 8, v0xe78f50_0, 1;
    %jmp/0xz  T_13.0, 8;
    %ix/load 0, 16, 0;
    %assign/v0 v0xe78cc0_0, 0, 0;
    %ix/load 0, 1, 0;
    %assign/v0 v0xe79020_0, 0, 0;
    %jmp T_13.1;
T_13.0 ;
    %load/v 8, v0xe78cc0_0, 16;
    %mov 24, 0, 16;
    %addi 8, 1, 32;
    %ix/load 0, 16, 0;
    %assign/v0 v0xe78cc0_0, 0, 8;
    %load/v 8, v0xe78cc0_0, 16;
    %mov 24, 0, 16;
    %load/v 40, v0xe78ed0_0, 16;
    %mov 56, 0, 16;
    %subi 40, 1, 32;
    %cmp/u 8, 40, 32;
    %jmp/0xz  T_13.2, 4;
    %load/v 8, v0xe79020_0, 1;
    %inv 8, 1;
    %ix/load 0, 1, 0;
    %assign/v0 v0xe79020_0, 0, 8;
    %ix/load 0, 16, 0;
    %assign/v0 v0xe78cc0_0, 0, 0;
T_13.2 ;
T_13.1 ;
    %jmp T_13;
    .thread T_13;
    .scope S_0xe78950;
T_14 ;
    %ix/load 0, 1, 0;
    %assign/v0 v0xe791a0_0, 0, 0;
    %ix/load 0, 4, 0;
    %assign/v0 v0xe79890_0, 0, 0;
    %ix/load 0, 1, 0;
    %assign/v0 v0xe79100_0, 0, 1;
    %ix/load 0, 1, 0;
    %assign/v0 v0xe795f0_0, 0, 0;
    %ix/load 0, 1, 0;
    %assign/v0 v0xe79670_0, 0, 0;
    %ix/load 0, 1, 0;
    %assign/v0 v0xe79770_0, 0, 0;
    %end;
    .thread T_14;
    .scope S_0xe78950;
T_15 ;
    %wait E_0xe78b80;
    %ix/load 0, 1, 0;
    %assign/v0 v0xe791a0_0, 0, 0;
    %ix/load 0, 4, 0;
    %assign/v0 v0xe79890_0, 0, 0;
    %ix/load 0, 1, 0;
    %assign/v0 v0xe79100_0, 0, 1;
    %ix/load 0, 1, 0;
    %assign/v0 v0xe795f0_0, 0, 0;
    %ix/load 0, 1, 0;
    %assign/v0 v0xe79670_0, 0, 0;
    %ix/load 0, 1, 0;
    %assign/v0 v0xe79770_0, 0, 0;
    %jmp T_15;
    .thread T_15;
    .scope S_0xe78950;
T_16 ;
    %wait E_0xe78b30;
    %load/v 8, v0xe79810_0, 1;
    %jmp/0xz  T_16.0, 8;
    %ix/load 0, 1, 0;
    %assign/v0 v0xe791a0_0, 0, 0;
    %ix/load 0, 4, 0;
    %assign/v0 v0xe79890_0, 0, 0;
    %ix/load 0, 1, 0;
    %assign/v0 v0xe79100_0, 0, 1;
    %ix/load 0, 1, 0;
    %assign/v0 v0xe795f0_0, 0, 0;
    %ix/load 0, 1, 0;
    %assign/v0 v0xe79670_0, 0, 0;
    %ix/load 0, 1, 0;
    %assign/v0 v0xe79770_0, 0, 0;
    %jmp T_16.1;
T_16.0 ;
    %load/v 8, v0xe79670_0, 1;
    %ix/load 0, 1, 0;
    %assign/v0 v0xe795f0_0, 0, 8;
    %load/v 8, v0xe792c0_0, 1;
    %jmp/0xz  T_16.2, 8;
    %ix/load 0, 1, 0;
    %assign/v0 v0xe791a0_0, 0, 1;
    %load/v 8, v0xe79890_0, 4;
    %mov 12, 0, 1;
    %cmpi/u 8, 0, 5;
    %jmp/0xz  T_16.4, 4;
    %ix/load 0, 1, 0;
    %assign/v0 v0xe79100_0, 0, 0;
    %jmp T_16.5;
T_16.4 ;
    %load/v 8, v0xe79890_0, 4;
    %mov 12, 0, 2;
    %cmpi/u 8, 10, 6;
    %jmp/0xz  T_16.6, 4;
    %ix/load 0, 1, 0;
    %assign/v0 v0xe79100_0, 0, 0;
    %jmp T_16.7;
T_16.6 ;
    %load/v 8, v0xe79890_0, 4;
    %mov 12, 0, 2;
    %cmpi/u 8, 9, 6;
    %jmp/0xz  T_16.8, 4;
    %load/v 8, v0xe79770_0, 1;
    %ix/load 0, 1, 0;
    %assign/v0 v0xe79100_0, 0, 8;
    %jmp T_16.9;
T_16.8 ;
    %load/v 8, v0xe79890_0, 4;
    %movi 12, 0, 28;
    %subi 8, 1, 32;
    %ix/get 1, 8, 32;
    %jmp/1 T_16.10, 4;
    %load/x1p 8, v0xe79220_0, 1;
    %jmp T_16.11;
T_16.10 ;
    %mov 8, 2, 1;
T_16.11 ;
; Save base=8 wid=1 in lookaside.
    %ix/load 0, 1, 0;
    %assign/v0 v0xe79100_0, 0, 8;
    %load/v 8, v0xe79890_0, 4;
    %movi 12, 0, 28;
    %subi 8, 1, 32;
    %ix/get 1, 8, 32;
    %jmp/1 T_16.12, 4;
    %load/x1p 8, v0xe79220_0, 1;
    %jmp T_16.13;
T_16.12 ;
    %mov 8, 2, 1;
T_16.13 ;
; Save base=8 wid=1 in lookaside.
    %jmp/0xz  T_16.14, 8;
    %load/v 8, v0xe79770_0, 1;
    %jmp/0xz  T_16.16, 8;
    %ix/load 0, 1, 0;
    %assign/v0 v0xe79770_0, 0, 0;
    %jmp T_16.17;
T_16.16 ;
    %ix/load 0, 1, 0;
    %assign/v0 v0xe79770_0, 0, 1;
T_16.17 ;
T_16.14 ;
T_16.9 ;
T_16.7 ;
T_16.5 ;
    %load/v 8, v0xe79890_0, 4;
    %mov 12, 0, 28;
    %addi 8, 1, 32;
    %ix/load 0, 4, 0;
    %assign/v0 v0xe79890_0, 0, 8;
    %load/v 8, v0xe79890_0, 4;
    %mov 12, 0, 2;
    %cmpi/u 8, 11, 6;
    %jmp/0xz  T_16.18, 4;
    %ix/load 0, 1, 0;
    %assign/v0 v0xe791a0_0, 0, 0;
    %ix/load 0, 1, 0;
    %assign/v0 v0xe79100_0, 0, 1;
T_16.18 ;
T_16.2 ;
T_16.1 ;
    %jmp T_16;
    .thread T_16;
    .scope S_0xe78950;
T_17 ;
    %wait E_0xe78ae0;
    %load/v 8, v0xe792c0_0, 1;
    %mov 9, 0, 2;
    %cmpi/u 8, 1, 3;
    %jmp/0xz  T_17.0, 4;
    %ix/load 0, 1, 0;
    %assign/v0 v0xe79670_0, 0, 1;
    %jmp T_17.1;
T_17.0 ;
    %ix/load 0, 1, 0;
    %assign/v0 v0xe79670_0, 0, 0;
T_17.1 ;
    %jmp T_17;
    .thread T_17, $push;
    .scope S_0xe126e0;
T_18 ;
    %ix/load 0, 16, 0;
    %assign/v0 v0xe218c0_0, 0, 0;
    %ix/load 0, 1, 0;
    %assign/v0 v0xe77c50_0, 0, 0;
    %end;
    .thread T_18;
    .scope S_0xe126e0;
T_19 ;
    %wait E_0xe127d0;
    %load/v 8, v0xe779c0_0, 3;
    %cmpi/u 8, 0, 3;
    %jmp/1 T_19.0, 6;
    %cmpi/u 8, 1, 3;
    %jmp/1 T_19.1, 6;
    %cmpi/u 8, 2, 3;
    %jmp/1 T_19.2, 6;
    %cmpi/u 8, 3, 3;
    %jmp/1 T_19.3, 6;
    %cmpi/u 8, 4, 3;
    %jmp/1 T_19.4, 6;
    %cmpi/u 8, 5, 3;
    %jmp/1 T_19.5, 6;
    %cmpi/u 8, 6, 3;
    %jmp/1 T_19.6, 6;
    %cmpi/u 8, 7, 3;
    %jmp/1 T_19.7, 6;
    %jmp T_19.8;
T_19.0 ;
    %movi 8, 10417, 16;
    %set/v v0xe77b00_0, 8, 16;
    %jmp T_19.8;
T_19.1 ;
    %movi 8, 2604, 16;
    %set/v v0xe77b00_0, 8, 16;
    %jmp T_19.8;
T_19.2 ;
    %movi 8, 651, 16;
    %set/v v0xe77b00_0, 8, 16;
    %jmp T_19.8;
T_19.3 ;
    %movi 8, 326, 16;
    %set/v v0xe77b00_0, 8, 16;
    %jmp T_19.8;
T_19.4 ;
    %movi 8, 163, 16;
    %set/v v0xe77b00_0, 8, 16;
    %jmp T_19.8;
T_19.5 ;
    %movi 8, 81, 16;
    %set/v v0xe77b00_0, 8, 16;
    %jmp T_19.8;
T_19.6 ;
    %movi 8, 54, 16;
    %set/v v0xe77b00_0, 8, 16;
    %jmp T_19.8;
T_19.7 ;
    %movi 8, 27, 16;
    %set/v v0xe77b00_0, 8, 16;
    %jmp T_19.8;
T_19.8 ;
    %jmp T_19;
    .thread T_19, $push;
    .scope S_0xe126e0;
T_20 ;
    %wait E_0xe11000;
    %load/v 8, v0xe77bb0_0, 1;
    %jmp/0xz  T_20.0, 8;
    %ix/load 0, 16, 0;
    %assign/v0 v0xe218c0_0, 0, 0;
    %ix/load 0, 1, 0;
    %assign/v0 v0xe77c50_0, 0, 0;
    %jmp T_20.1;
T_20.0 ;
    %load/v 8, v0xe218c0_0, 16;
    %mov 24, 0, 16;
    %addi 8, 1, 32;
    %ix/load 0, 16, 0;
    %assign/v0 v0xe218c0_0, 0, 8;
    %load/v 8, v0xe218c0_0, 16;
    %mov 24, 0, 16;
    %load/v 40, v0xe77b00_0, 16;
    %mov 56, 0, 16;
    %subi 40, 1, 32;
    %cmp/u 8, 40, 32;
    %jmp/0xz  T_20.2, 4;
    %load/v 8, v0xe77c50_0, 1;
    %inv 8, 1;
    %ix/load 0, 1, 0;
    %assign/v0 v0xe77c50_0, 0, 8;
    %ix/load 0, 16, 0;
    %assign/v0 v0xe218c0_0, 0, 0;
T_20.2 ;
T_20.1 ;
    %jmp T_20;
    .thread T_20;
    .scope S_0xe10f10;
T_21 ;
    %ix/load 0, 4, 0;
    %assign/v0 v0xe781d0_0, 0, 0;
    %ix/load 0, 1, 0;
    %assign/v0 v0xe77f30_0, 0, 0;
    %ix/load 0, 1, 0;
    %assign/v0 v0xe77fb0_0, 0, 0;
    %ix/load 0, 1, 0;
    %assign/v0 v0xe78130_0, 0, 0;
    %ix/load 0, 1, 0;
    %assign/v0 v0xe78710_0, 0, 0;
    %ix/load 0, 8, 0;
    %assign/v0 v0xe77df0_0, 0, 0;
    %ix/load 0, 1, 0;
    %assign/v0 v0xe78690_0, 0, 0;
    %ix/load 0, 1, 0;
    %assign/v0 v0xe78790_0, 0, 0;
    %ix/load 0, 1, 0;
    %assign/v0 v0xe78440_0, 0, 0;
    %ix/load 0, 1, 0;
    %assign/v0 v0xe782c0_0, 0, 0;
    %end;
    .thread T_21;
    .scope S_0xe10f10;
T_22 ;
    %wait E_0xe0cc80;
    %load/v 8, v0xe78360_0, 1;
    %mov 9, 0, 1;
    %cmpi/u 8, 0, 2;
    %jmp/0xz  T_22.0, 4;
    %set/v v0xe77f30_0, 1, 1;
T_22.0 ;
    %jmp T_22;
    .thread T_22;
    .scope S_0xe10f10;
T_23 ;
    %wait E_0xe1c520;
    %ix/load 0, 4, 0;
    %assign/v0 v0xe781d0_0, 0, 0;
    %ix/load 0, 1, 0;
    %assign/v0 v0xe78710_0, 0, 0;
    %ix/load 0, 1, 0;
    %assign/v0 v0xe77f30_0, 0, 0;
    %ix/load 0, 1, 0;
    %assign/v0 v0xe77fb0_0, 0, 0;
    %ix/load 0, 1, 0;
    %assign/v0 v0xe78130_0, 0, 0;
    %ix/load 0, 1, 0;
    %assign/v0 v0xe78440_0, 0, 0;
    %ix/load 0, 1, 0;
    %assign/v0 v0xe782c0_0, 0, 0;
    %jmp T_23;
    .thread T_23;
    .scope S_0xe10f10;
T_24 ;
    %wait E_0xe4de80;
    %load/v 8, v0xe78810_0, 1;
    %jmp/0xz  T_24.0, 8;
    %ix/load 0, 4, 0;
    %assign/v0 v0xe781d0_0, 0, 0;
    %ix/load 0, 1, 0;
    %assign/v0 v0xe77f30_0, 0, 0;
    %ix/load 0, 1, 0;
    %assign/v0 v0xe77fb0_0, 0, 0;
    %ix/load 0, 1, 0;
    %assign/v0 v0xe78130_0, 0, 0;
    %ix/load 0, 1, 0;
    %assign/v0 v0xe78710_0, 0, 0;
    %ix/load 0, 8, 0;
    %assign/v0 v0xe77df0_0, 0, 0;
    %ix/load 0, 1, 0;
    %assign/v0 v0xe78690_0, 0, 0;
    %ix/load 0, 1, 0;
    %assign/v0 v0xe78790_0, 0, 0;
    %ix/load 0, 1, 0;
    %assign/v0 v0xe78440_0, 0, 0;
    %ix/load 0, 1, 0;
    %assign/v0 v0xe782c0_0, 0, 0;
    %jmp T_24.1;
T_24.0 ;
    %load/v 8, v0xe78790_0, 1;
    %ix/load 0, 1, 0;
    %assign/v0 v0xe78690_0, 0, 8;
    %load/v 8, v0xe77e90_0, 1;
    %jmp/0xz  T_24.2, 8;
    %load/v 8, v0xe77d30_0, 1;
    %inv 8, 1;
    %load/v 9, v0xe78710_0, 1;
    %inv 9, 1;
    %and 8, 9, 1;
    %jmp/0xz  T_24.4, 8;
    %ix/load 0, 1, 0;
    %assign/v0 v0xe78710_0, 0, 1;
    %load/v 8, v0xe781d0_0, 4;
    %mov 12, 0, 28;
    %addi 8, 1, 32;
    %ix/load 0, 4, 0;
    %assign/v0 v0xe781d0_0, 0, 8;
    %ix/load 0, 1, 0;
    %assign/v0 v0xe78130_0, 0, 0;
    %ix/load 0, 1, 0;
    %assign/v0 v0xe782c0_0, 0, 0;
    %jmp T_24.5;
T_24.4 ;
    %load/v 8, v0xe78710_0, 1;
    %jmp/0xz  T_24.6, 8;
    %load/v 8, v0xe781d0_0, 4;
    %mov 12, 0, 2;
   %cmpi/u 8, 9, 6;
    %jmp/0xz  T_24.8, 5;
    %load/v 8, v0xe77d30_0, 1;
    %load/v 9, v0xe781d0_0, 4;
    %movi 13, 0, 28;
    %subi 9, 1, 32;
    %ix/get 1, 9, 32;
    %jmp/1 t_0, 4;
    %ix/load 0, 1, 0;
    %assign/v0/x1 v0xe78050_0, 0, 8;
t_0 ;
    %load/v 8, v0xe781d0_0, 4;
    %mov 12, 0, 28;
    %addi 8, 1, 32;
    %ix/load 0, 4, 0;
    %assign/v0 v0xe781d0_0, 0, 8;
    %load/v 8, v0xe77d30_0, 1;
    %jmp/0xz  T_24.10, 8;
    %load/v 8, v0xe782c0_0, 1;
    %jmp/0xz  T_24.12, 8;
    %ix/load 0, 1, 0;
    %assign/v0 v0xe782c0_0, 0, 0;
    %jmp T_24.13;
T_24.12 ;
    %ix/load 0, 1, 0;
    %assign/v0 v0xe782c0_0, 0, 1;
T_24.13 ;
T_24.10 ;
    %jmp T_24.9;
T_24.8 ;
    %load/v 8, v0xe781d0_0, 4;
    %mov 12, 0, 2;
    %cmpi/u 8, 9, 6;
    %jmp/0xz  T_24.14, 4;
    %load/v 8, v0xe77d30_0, 1;
    %set/v v0xe78440_0, 8, 1;
    %load/v 8, v0xe781d0_0, 4;
    %mov 12, 0, 28;
    %addi 8, 1, 32;
    %ix/load 0, 4, 0;
    %assign/v0 v0xe781d0_0, 0, 8;
    %load/v 8, v0xe782c0_0, 1;
    %load/v 9, v0xe78440_0, 1;
    %cmp/u 8, 9, 1;
    %inv 4, 1;
    %jmp/0xz  T_24.16, 4;
    %ix/load 0, 1, 0;
    %assign/v0 v0xe77fb0_0, 0, 1;
T_24.16 ;
    %jmp T_24.15;
T_24.14 ;
    %load/v 8, v0xe781d0_0, 4;
    %mov 12, 0, 2;
    %cmpi/u 8, 10, 6;
    %jmp/0xz  T_24.18, 4;
    %load/v 8, v0xe77fb0_0, 1;
    %inv 8, 1;
    %load/v 9, v0xe77f30_0, 1;
    %inv 9, 1;
    %and 8, 9, 1;
    %jmp/0xz  T_24.20, 8;
    %ix/load 0, 1, 0;
    %assign/v0 v0xe78130_0, 0, 1;
    %load/v 8, v0xe78050_0, 8;
    %ix/load 0, 8, 0;
    %assign/v0 v0xe77df0_0, 0, 8;
T_24.20 ;
T_24.18 ;
T_24.15 ;
T_24.9 ;
T_24.6 ;
T_24.5 ;
T_24.2 ;
T_24.1 ;
    %jmp T_24;
    .thread T_24;
    .scope S_0xe10f10;
T_25 ;
    %wait E_0xe4d0e0;
    %load/v 8, v0xe77e90_0, 1;
    %mov 9, 0, 2;
    %cmpi/u 8, 1, 3;
    %jmp/0xz  T_25.0, 4;
    %ix/load 0, 1, 0;
    %assign/v0 v0xe78790_0, 0, 1;
    %jmp T_25.1;
T_25.0 ;
    %ix/load 0, 1, 0;
    %assign/v0 v0xe78790_0, 0, 0;
T_25.1 ;
    %jmp T_25;
    .thread T_25, $push;
    .scope S_0xe107f0;
T_26 ;
    %movi 8, 41364, 16;
    %set/v v0xe7cc40_0, 8, 16;
    %set/v v0xe7cb30_0, 1, 3;
    %movi 8, 4, 3;
    %set/v v0xe7d550_0, 8, 3;
    %set/v v0xe7cbc0_0, 1, 1;
    %set/v v0xe7c640_0, 1, 1;
    %set/v v0xe7c960_0, 1, 1;
    %ix/load 1, 8, 0;
    %mov 4, 0, 1;
    %jmp/1 T_26.0, 4;
    %load/x1p 8, v0xe7cc40_0, 8;
    %jmp T_26.1;
T_26.0 ;
    %mov 8, 2, 8;
T_26.1 ;
; Save base=8 wid=8 in lookaside.
    %set/v v0xe7cab0_0, 8, 8;
    %set/v v0xe7d360_0, 0, 1;
    %delay 5, 0;
    %set/v v0xe7cbc0_0, 0, 1;
    %end;
    .thread T_26;
    .scope S_0xe107f0;
T_27 ;
    %vpi_call 2 88 "$dumpfile", "dump.vcd";
    %vpi_call 2 88 "$dumpvars";
    %end;
    .thread T_27;
    .scope S_0xe107f0;
T_28 ;
T_28.0 ;
    %ix/load 0, 1, 0;
    %assign/v0 v0xe7cd70_0, 0, 1;
    %delay 10, 0;
    %ix/load 0, 1, 0;
    %assign/v0 v0xe7cd70_0, 0, 0;
    %delay 10, 0;
    %ix/load 0, 1, 0;
    %assign/v0 v0xe7cd70_0, 0, 1;
    %jmp T_28.0;
    %end;
    .thread T_28;
    .scope S_0xe107f0;
T_29 ;
    %delay 40000, 0;
    %vpi_call 2 102 "$finish";
    %end;
    .thread T_29;
    .scope S_0xe107f0;
T_30 ;
    %wait E_0xe49450;
    %ix/load 0, 1, 0;
    %assign/v0 v0xe7c640_0, 0, 0;
    %ix/load 0, 1, 0;
    %assign/v0 v0xe7c960_0, 0, 0;
    %load/v 8, v0xe7cc40_0, 8; Only need 8 of 16 bits
; Save base=8 wid=8 in lookaside.
    %set/v v0xe7cab0_0, 8, 8;
    %delay 10, 0;
    %ix/load 0, 1, 0;
    %assign/v0 v0xe7c960_0, 0, 1;
    %ix/load 0, 1, 0;
    %assign/v0 v0xe7cbc0_0, 0, 1;
    %ix/load 0, 1, 0;
    %assign/v0 v0xe7c640_0, 0, 1;
    %delay 5, 0;
    %ix/load 0, 1, 0;
    %assign/v0 v0xe7cbc0_0, 0, 0;
    %jmp T_30;
    .thread T_30;
    .scope S_0xe107f0;
T_31 ;
    %wait E_0xe19df0;
    %ix/load 0, 1, 0;
    %assign/v0 v0xe7c640_0, 0, 0;
    %ix/load 0, 1, 0;
    %assign/v0 v0xe7c960_0, 0, 0;
    %jmp T_31;
    .thread T_31;
# The file index is used to find the file name in the following table.
:file_names 4;
    "N/A";
    "<interactive>";
    "testbench.sv";
    "design.sv";
